ARM GAS  /tmp/ccs3dwxI.s 			page 1


   1              		.syntax unified
   2              		.cpu cortex-m4
   3              		.fpu softvfp
   4              		.eabi_attribute 20, 1
   5              		.eabi_attribute 21, 1
   6              		.eabi_attribute 23, 3
   7              		.eabi_attribute 24, 1
   8              		.eabi_attribute 25, 1
   9              		.eabi_attribute 26, 1
  10              		.eabi_attribute 30, 2
  11              		.eabi_attribute 34, 1
  12              		.eabi_attribute 18, 4
  13              		.thumb
  14              		.file	"board.c"
  15              		.text
  16              	.Ltext0:
  17              		.section	.gnu.lto_.jmpfuncs.b0918efebf4b7b29,"",%progbits
  18 0000 789C6362 		.ascii	"x\234cb`b\300\006\330\2414H\226\221\201\001\000\001"
  18      6062C006 
  18      D8A13448 
  18      96918101 
  18      0001
  19 0012 39000F   		.ascii	"9\000\017"
  20              		.text
  21              		.section	.gnu.lto_.inline.b0918efebf4b7b29,"",%progbits
  22 0000 789C6362 		.ascii	"x\234cb`b\300\006\264\2414P\226\205\207\021\254\210"
  22      6062C006 
  22      B4A13450 
  22      96858711 
  22      AC88
  23 0012 6D813C58 		.ascii	"m\201<X-#\027\210``fB\025f\000\000,\340\001\347"
  23      2D231788 
  23      60606642 
  23      15660000 
  23      2CE001E7 
  24              		.text
  25              		.section	.gnu.lto_.pureconst.b0918efebf4b7b29,"",%progbits
  26 0000 789C6362 		.ascii	"x\234cb`b`e\200\000&\006\011F\006\000\000\346\000%"
  26      60626065 
  26      80002606 
  26      09460600 
  26      00E60025 
  27              		.text
  28              		.section	.gnu.lto___early_init.b0918efebf4b7b29,"",%progbits
  29 0000 789C6362 		.ascii	"x\234cb`b@\007\222@\\\003\304v@\314\310\314\300\310"
  29      60624007 
  29      92405C03 
  29      C47640CC 
  29      C8CCC0C8 
  30 0014 34E11C03 		.ascii	"4\341\034\003C#\007\023##\210\301\300\310P\317\304X"
  30      43230713 
  30      232388C1 
  30      C0C850CF 
  30      C458
  31 0026 1FC90856 		.ascii	"\037\311\010V\273\236\351\300\203\377\377\327\31596"
  31      BB9EE9C0 
  31      83FFFFD7 
ARM GAS  /tmp/ccs3dwxI.s 			page 2


  31      CD3936
  32 0035 670EE34C 		.ascii	"g\016\343L&f\240\010+CKC\303\004\005\006\206d\260\212"
  32      2666A008 
  32      2B434B43 
  32      C3040506 
  32      8664B08A 
  33 0049 102009D2 		.ascii	"\020 \011\322\026\312\310\004\242\231\31734?\230\361"
  33      16CAC804 
  33      A299CF33 
  33      343F98F1 
  34 0059 982B9171 		.ascii	"\230+\221q!#+P\272\232\341WCG\203@&#P9\304\304L\020"
  34      21232B50 
  34      BA9AE157 
  34      43478340 
  34      26235039 
  35 0071 7D91A1F1 		.ascii	"}\221\241\361\301Le\230\"\010\010\001J\000M\000\271"
  35      C14C6598 
  35      22080801 
  35      4A004D00 
  35      B9
  36 0082 D746BFB4 		.ascii	"\327F\277\264\270H\277\270(Y?9#3)3\277X\037\2102\022"
  36      B848BFB8 
  36      28593F39 
  36      23332933 
  36      BF581F88 
  37 0098 73F493F2 		.ascii	"s\364\223\362\023\213R\212\365\203C\342\203C|\215\215"
  37      138B528A 
  37      F58343E2 
  37      83437C8D 
  37      8D
  38 00a9 DC4CE25D 		.ascii	"\334L\342]<\203\235\375\303\\\203\"!rz\311\014\000\344"
  38      3C839DFD 
  38      C35C8322 
  38      21727AC9 
  38      0C00E4
  39 00bc A536C9   		.ascii	"\2456\311"
  40              		.text
  41              		.section	.gnu.lto_boardInit.b0918efebf4b7b29,"",%progbits
  42 0000 789C6362 		.ascii	"x\234cb`b@\007\222@\034\014\304v@\314\310\314\300\310"
  42      60624007 
  42      92401C0C 
  42      C47640CC 
  42      C8CCC0C8 
  43 0014 34E11C03 		.ascii	"4\341\034\003C#\007\023##\210\301\300\310P\317\304X"
  43      43230713 
  43      232388C1 
  43      C0C850CF 
  43      C458
  44 0026 1FC90856 		.ascii	"\037\311\010V\273\236\351\300\203\377\377\327}k\237"
  44      BB9EE9C0 
  44      83FFFFD7 
  44      7D6B9F
  45 0035 7E86713E 		.ascii	"~\206q>\023\310,V\206\226\206\206\011\012\014\014\311"
  45      13C82C56 
  45      86968686 
  45      090A0C0C 
  45      C9
ARM GAS  /tmp/ccs3dwxI.s 			page 3


  46 0046 60152140 		.ascii	"`\025!@\022\244-\224\221\011D3_d`Ld\\\310\310\012\267"
  46      12A42D94 
  46      91094433 
  46      5F64604C 
  46      645CC8C8 
  47 005c 2D849111 		.ascii	"-\204\221\021$\001\322j\243_Z\\\244_\\\224\254\237\234"
  47      2401D26A 
  47      A35F5A5C 
  47      A45F5C94 
  47      AC9F9C
  48 006f 91999499 		.ascii	"\221\231\224\231_\254\017D\031\2119\372I\371\211E)\305"
  48      5FAC0F44 
  48      198939FA 
  48      49F98945 
  48      29C5
  49 0081 FAC121F1 		.ascii	"\372\301!\361\301!\276\306Fn&\361.\236\301\316\376a"
  49      C121BEC6 
  49      466E26F1 
  49      2E9EC1CE 
  49      FE61
  50 0093 AE419110 		.ascii	"\256A\221\0209\275d\006\000\332^+\310"
  50      39BD6406 
  50      00DA5E2B 
  50      C8
  51              		.text
  52              		.section	.gnu.lto_.symbol_nodes.b0918efebf4b7b29,"",%progbits
  53 0000 789C6362 		.ascii	"x\234cb`b\260e\200\002\246V\246z\006\206\011\347\030"
  53      6062B065 
  53      8002A656 
  53      A67A0686 
  53      09E718
  54 0013 18EAEBE7 		.ascii	"\030\352\353\347u02\2651\3253\"\270\254-L\014\254\365"
  54      753032B5 
  54      31D53322 
  54      B8AC2D4C 
  54      0CACF5
  55 0026 0C8CED4C 		.ascii	"\014\214\355L\365L\020\321\206\006Ff\006f\206\346\007"
  55      F54C10D1 
  55      86064666 
  55      066686E6 
  55      07
  56 0037 FF181900 		.ascii	"\377\030\031\000\013\356\020\272"
  56      0BEE10BA 
  57              		.text
  58              		.section	.gnu.lto_.refs.b0918efebf4b7b29,"",%progbits
  59 0000 789C6362 		.ascii	"x\234cb`b`d\200\002\000\000F\000\006"
  59      60626064 
  59      80020000 
  59      460006
  60              		.text
  61              		.section	.gnu.lto_.decls.b0918efebf4b7b29,"",%progbits
  62 0000 789CC597 		.ascii	"x\234\305\227\177h\034E\024\307\337\354%i\316\206\266"
  62      7F681C45 
  62      14C7DFEC 
  62      2569CE86 
  62      B6
  63 0011 062CAD88 		.ascii	"\006,\255\210\271\026\252\0204\013I\377\210 \375a\322"
ARM GAS  /tmp/ccs3dwxI.s 			page 4


  63      B916AA10 
  63      340B49FF 
  63      8820FD61 
  63      D2
  64 0022 A6816882 		.ascii	"\246\201h\202iE\377Z6w\227\346\360r{\354\356i\363\227"
  64      6945FF5A 
  64      367797E6 
  64      F0727BEC 
  64      EE69F397 
  65 0036 D333485A 		.ascii	"\3233HZ\005/\330\232\0125&1\211IZ1\246\264\226\012\272"
  65      052FD89A 
  65      0A352631 
  65      89495A31 
  65      A6B4960A 
  66 004b 51D32A95 		.ascii	"Q\323*\225\243\326\244\246\005\355\211 \364\037\021"
  66      A3D6A4A6 
  66      05ED8920 
  66      F41F11
  67 005a 1489A83D 		.ascii	"\024\211\250=ggv/\273\227\335\313\036\202\031\262ov"
  67      6767762F 
  67      BB97DDCB 
  67      1E8219B2 
  67      6F76
  68 006c E7C7E77D 		.ascii	"\347\307\347}\347\355\354\233\013\007\034\364\001@\226"
  68      E7EDEC9B 
  68      0B071CF4 
  68      014096
  69 007b 94DB1B00 		.ascii	"\224\333\033\000\226\020\200\217<\357\202\345\242?\017"
  69      9610808F 
  69      3CEF82E5 
  69      A23F0F
  70 008a 936B9C5C 		.ascii	"\223k\234\\\223\344\"C\340\014\330\213\336\317\221\353"
  70      93E42243 
  70      E00CD88B 
  70      DECF91EB 
  71 009a 0EB9468C 		.ascii	"\016\271F\2146\316h\237\204\225e\334r\217\362\236\315"
  71      36CE689F 
  71      849565DC 
  71      728FF29E 
  71      CD
  72 00ab 52058378 		.ascii	"R\005\203x(\223\231\373iz+\036Jj\331\354n\330\014'1"
  72      289399FB 
  72      697A2B1E 
  72      4A6AD9EC 
  72      6ED80C27 
  73 00c0 2943AF60 		.ascii	")C\257`\214T\021\355\272\017\236E\"\332\340\207\000"
  73      8C5411ED 
  73      BA0F9E45 
  73      22DAE087 
  73      00
  74 00d1 BDA9F043 		.ascii	"\275\251\360C\011\235*\242\021\264\331\270;\3443\345"
  74      099D2AA2 
  74      11B4D9B8 
  74      3BE433E5 
  75 00e1 EC46500D 		.ascii	"\354FP\015\223d~\012\343\344\303\310\301%\300C0\246"
  75      93647E0A 
  75      E3E4C3C8 
ARM GAS  /tmp/ccs3dwxI.s 			page 5


  75      C125C043 
  75      30A6
  76 00f3 7BC013D8 		.ascii	"{\300\023\330G\371:a\030UY\207\210\350]\304\345\013"
  76      47F93A61 
  76      18555987 
  76      88E85DC4 
  76      E50B
  77 0105 9DCE687F 		.ascii	"\235\316h\177\\\251H\035\315d\263U\314;\007\355\210"
  77      5CA9481D 
  77      CD64B355 
  77      CC3B07ED 
  77      88
  78 0116 8C1D45D5 		.ascii	"\214\035E\325\005\341\343\371\360\367V\3023\251\314"
  78      05E1E3F9 
  78      F0F756C2 
  78      33A9CC
  79 0125 5F9717EA 		.ascii	"_\227\027\352O\315\340\336c\370n\366%dzx\023\345\273"
  79      4FCDE0DE 
  79      63F86EF6 
  79      25647A78 
  79      13E5BB
  80 0138 608C293B 		.ascii	"`\214);c;\014\343i-3\226>\201H$1AdQ%\364\323P\222H~"
  80      633B0CE3 
  80      692D3396 
  80      3E814824 
  80      31416451 
  81 0153 495EBC11 		.ascii	"I^\274\021\307\314F3\220\177\353\361\331\001\243$Z\231"
  81      C7CC4633 
  81      907FEBF1 
  81      D901A324 
  81      5A99
  82 0165 775ECDD6 		.ascii	"w^\315\326a\\nL\011\270\217\027\321\373h\007\254>N\037"
  82      615C6E4C 
  82      09B88F17 
  82      D1FB6807 
  82      AC3E4E1F 
  83 0179 F90191C0 		.ascii	"\371\001\221\300\264S/X\373-]\201KX;8\254\312(\333`"
  83      B4532F58 
  83      FB2D5D81 
  83      4B583B38 
  83      ACCA28DB 
  84 018e 481FFC67 		.ascii	"H\037\374g\3724Y\313g\310\311\0272}=\220[\202\366M\032"
  84      FA3459CB 
  84      67C8C917 
  84      327D3D90 
  84      5B82F64D 
  85 01a3 05443443 		.ascii	"\005D4C\306s\360c^\324Ve\350r\316\347\313}\203\311="
  85      C673F063 
  85      5ED45665 
  85      E872CEE7 
  85      CB7D83C9 
  86 01b8 EF416E52 		.ascii	"\357AnR\033H\237\336\252\313\365C\037y\3247\360\001"
  86      1B489FDE 
  86      AACBF543 
  86      1F79D437 
  86      F001
  87 01ca 8B37DBEE 		.ascii	"\2137\333\3565b~\363\365\321GH\314Et\221L\342`\200\263"
ARM GAS  /tmp/ccs3dwxI.s 			page 6


  87      35627EF3 
  87      F5D14748 
  87      CC457491 
  87      4CE26080 
  88 01df 6BF60EEA 		.ascii	"k\366\016\352\377\366\213~\3642y\315\"\372\230\242\322"
  88      FFF68B7E 
  88      F43279CD 
  88      22FA98A2 
  88      D2
  89 01f0 792811AD 		.ascii	"y(\021\255\363\333\267\017y6\007\350<\332m\334\350\211"
  89      F3DBB70F 
  89      793607E8 
  89      3CDA6DDC 
  89      E889
  90 0202 6223143B 		.ascii	"b#\024;\234\203\233\324\251\036,'\251\306-+\306\000"
  90      9C839BD4 
  90      A91E2C27 
  90      A9C62D2B 
  90      C600
  91 0214 5B003383 		.ascii	"[\0003\203W/\373\336\302Z\257\317\014\310\355\242\201"
  91      572FFBDE 
  91      C25AAFCF 
  91      0CC8EDA2 
  91      81
  92 0225 01DB1B19 		.ascii	"\001\333\033\031LW\244D\023\366\263\027X\271\253:m\306"
  92      4C57A444 
  92      13F6B317 
  92      58B9AB3A 
  92      6DC6
  93 0237 0AFBA568 		.ascii	"\012\373\245h\230]\331\005+\354w/\260M\356\312.YaKE"
  93      985DD905 
  93      2BEC772F 
  93      B04DEECA 
  93      2E59614B 
  94 024c C3ECCA3E 		.ascii	"\303\354\312>\261\302\376\361\002\333\342\240\314\251"
  94      B1C2FEF1 
  94      02DBE2A0 
  94      CCA9
  95 025a 58BF2F11 		.ascii	"X\277/\021] IDD\037\241m\304~J\355,\265\237S;G\355\025"
  95      5D204944 
  95      441FA16D 
  95      C47E4AED 
  95      2CB59F53 
  96 0272 6ABF2236 		.ascii	"j\277\"6W8H\372\220\221Y\034\277\343\325\266\031\326"
  96      573848FA 
  96      9091591C 
  96      BFE3D5B6 
  96      19D6
  97 0284 52ADFA02 		.ascii	"R\255\372\002Y\2328\346\011f[a\300\006;e\201\245<\301"
  97      599A38E6 
  97      09665B61 
  97      C0063B65 
  97      81A53CC1 
  98 0298 EADD954D 		.ascii	"\352\335\225M[`\003\236`m\356\312.Z`\203\236`qwe\327"
  98      5B60039E 
  98      606DEECA 
  98      2E5A6083 
ARM GAS  /tmp/ccs3dwxI.s 			page 7


  98      9E607177 
  99 02ae 2CB0314F 		.ascii	",\2601O\260>\344.m\321B;\353\2116\201\334\265\375j\241"
  99      B03EE42E 
  99      6DD1423B 
  99      EB893681 
  99      DCB5FD6A 
 100 02c3 9DF344D3 		.ascii	"\235\363D\323\012h[\262\320.y\242e\234\264Yv=\333\357"
 100      0A685BB2 
 100      D02E79A2 
 100      659CB459 
 100      763DDBEF 
 101 02d7 D374BF7F 		.ascii	"\323t\277\177Hw\364\327\324\246\251\275F\355uj\347\251"
 101      4877F4D7 
 101      D4A6A9BD 
 101      46ED756A 
 101      E7A9
 102 02e9 BD41ED22 		.ascii	"\275A\355\"\265\267\354{\177\326\227\237\326\331Ij\361"
 102      B5B7EC7B 
 102      7FD6979F 
 102      D6D9496A 
 102      F1
 103 02fa B67CE4C2 		.ascii	"\266|\344\302\177\367w5\347\317\375\214\377\236\374"
 103      7FF77735 
 103      E7CFFD8C 
 103      FF9EFC
 104 0309 0E79107E 		.ascii	"\016y\020~\360\275\215Y\276\333\011\347p\237\226\"I"
 104      F0BD8D59 
 104      BEDB09E7 
 104      709F9622 
 104      49
 105 031a FC2C95A2 		.ascii	"\374,\225\242K`mq\026W\366\325\033\207\007\236O.pF\012"
 105      4B606D71 
 105      1657F6D5 
 105      1B87079E 
 105      4F2E7046 
 106 032f C81D2C2C 		.ascii	"\310\035,,\027\230\307\313ww\311\361\302\022\203\321"
 106      1798C7CB 
 106      7777C9F1 
 106      C21283D1 
 107 033f 348F7B71 		.ascii	"4\217{q\211\221%r\207\220\317H\030&\030/N\225\032\331"
 107      89912572 
 107      8790CF48 
 107      1826182F 
 107      4E951AD9 
 108 0353 23E7AB1A 		.ascii	"#\347\253\032\214h\024\0204\033\260\313\321J\362\364"
 108      8C681410 
 108      341BB0CB 
 108      D14AF2F4 
 109 0363 D0E3CEA6 		.ascii	"\320\343\316\246\347\344\3619\352\253\260\036\034\260"
 109      E7E4F139 
 109      EAABB01E 
 109      1CB0
 110 0371 CBD903C6 		.ascii	"\313\331\003\306Kq\027s\024'\357-\034\234\225b\346\247"
 110      4B711773 
 110      1427EF2D 
 110      1C9C9562 
 110      E6A7
ARM GAS  /tmp/ccs3dwxI.s 			page 8


 111 0383 4E8C7810 		.ascii	"N\214x\020\203\313\362\202\363\332\0260\266G\201\340"
 111      83CBF282 
 111      F3DA1630 
 111      B64781E0 
 112 0393 24F14469 		.ascii	"$\361Di\261\202\026\206\350\033\266\352\251\262\313"
 112      B1821686 
 112      E81BB6EA 
 112      A9B2CB
 113 03a2 01BB14FA 		.ascii	"\001\273\024\372|\275\240\220=\305\212\200U\"\342$a"
 113      7CBDA090 
 113      3DC58A80 
 113      5522E224 
 113      61
 114 03b3 BEA004F8 		.ascii	"\276\240\004\370?$\334X{\011\213k/\341\326ZK\000X\017"
 114      3F24DC58 
 114      7B098B6B 
 114      2FE1D65A 
 114      4B00580F 
 115 03c7 C7977F8B 		.ascii	"\307\227\177\213\263\177\315\234~\022\351S\357\240\365"
 115      B37FCD9C 
 115      7E12E953 
 115      EFA0F5
 116 03d6 B914FA38 		.ascii	"\271\024\3728\237Pd^\221\203|\260+\322\021\221\024\236"
 116      9F50645E 
 116      91837CB0 
 116      2BD21191 
 116      149E
 117 03e8 FC758951 		.ascii	"\374u\211Q\276C\022\345\220\302\267\037\024\332\017"
 117      BE4312E5 
 117      90C2B71F 
 117      14DA0F
 118 03f7 3E5957BB 		.ascii	">YW\273\177\247\320\330\334\336\320\372\314\276\247"
 118      7FA7D0D8 
 118      DCDED0FA 
 118      CCBEA7
 119 0406 9F637D35 		.ascii	"\237c}5A\250\020\204\260(G{\204H,\242\2265=u(\320\000"
 119      41A81084 
 119      B028477B 
 119      84482CA2 
 119      96353D75 
 120 041d 7EDAD94C 		.ascii	"~\332\331L\032\352\335\320qIVu2\301\362\006\374\310"
 120      1AEADDD0 
 120      71495675 
 120      32C1F206 
 120      FCC8
 121 042f 11BD4788 		.ascii	"\021\275G\210FC5]\260IQ\273\353j\205`T\012>O\321\217"
 121      4643355D 
 121      B04951BB 
 121      EB6A8560 
 121      540A3E4F 
 122 0445 7921B5B4 		.ascii	"y!\265\2644\362Mm\315\255/\324\362\361\034\252\222\241"
 122      34F24D6D 
 122      CDAD2FD4 
 122      F2F11CAA 
 122      92A1
 123 0457 0EC72392 		.ascii	"\016\307#\222\240\204\325D\\P\267SX$\026\214&Ba>\026"
 123      A084D544 
ARM GAS  /tmp/ccs3dwxI.s 			page 9


 123      5C50B753 
 123      5824168C 
 123      2642613E 
 124 046c 7E311AE9 		.ascii	"~1\032\351\340\225\036\205\027\0245\024\211\251dVy\202"
 124      E0951E85 
 124      17143514 
 124      89A96456 
 124      7982
 125 047e D4649AFA 		.ascii	"\324d\232\372\250\323\330n\221\250\210\205y!\024\356"
 125      A8D3D86E 
 125      91A88885 
 125      792114EE 
 126 048e 14135155 		.ascii	"\024\023QUP{\342a\205L\273G\020\314\211\245\335R(,\227"
 126      507BE261 
 126      854CBB47 
 126      10CC89A5 
 126      DD52282C 
 127 04a3 497A97BC 		.ascii	"Iz\227\274NR\342\341pH.\215'\342!\331'\205\344\022\261"
 127      4E52E2E1 
 127      70482E8D 
 127      27E221D9 
 127      2785E412 
 128 04b8 538EEAA6 		.ascii	"S\216\352\246\253\254mo\243\250\212emO\260\252\201U"
 128      ABAC6D6F 
 128      A3A88A65 
 128      6D4FB0AA 
 128      8155
 129 04ca 8DACDAC7 		.ascii	"\215\254\332\307\252\375\254jb\325\001V5\353\225\277"
 129      AAFDAC6A 
 129      62D50156 
 129      35EB95BF 
 130 04da 6D6F4B83 		.ascii	"moK\203\024\353\214\034\256\324\027m*\012\322\246\373"
 130      14EB8C1C 
 130      AED4176D 
 130      2A0AD2A6 
 130      FB
 131 04eb 6B642944 		.ascii	"kd)D\006\325\254\354\372\027\272#\227d"
 131      06D5ACEC 
 131      FA17BA23 
 131      9764
 132              		.text
 133              		.section	.gnu.lto_.symtab.b0918efebf4b7b29,"",%progbits
 134 0000 5F5F6561 		.ascii	"__early_init\000\000\000\000\000\000\000\000\000\000"
 134      726C795F 
 134      696E6974 
 134      00000000 
 134      00000000 
 135 0016 0000A100 		.ascii	"\000\000\241\000\000\000boardInit\000\000\000\000\000"
 135      0000626F 
 135      61726449 
 135      6E697400 
 135      00000000 
 136 002a 00000000 		.ascii	"\000\000\000\000\000\000\000\246\000\000\000pal_def"
 136      000000A6 
 136      00000070 
 136      616C5F64 
 136      6566
ARM GAS  /tmp/ccs3dwxI.s 			page 10


 137 003c 61756C74 		.ascii	"ault_config\000\000\000\000\000\000\000\000\000\000"
 137      5F636F6E 
 137      66696700 
 137      00000000 
 137      00000000 
 138 0051 0000AB00 		.ascii	"\000\000\253\000\000\000stm32_clock_init\000\000\002"
 138      00007374 
 138      6D33325F 
 138      636C6F63 
 138      6B5F696E 
 139 006a 00000000 		.ascii	"\000\000\000\000\000\000\000\000\000\251\000\000\000"
 139      00000000 
 139      00A90000 
 139      00
 140              		.text
 141              		.section	.gnu.lto_.opts,"",%progbits
 142 0000 272D6D63 		.ascii	"'-mcpu=cortex-m4' '-mno-thumb-interwork' '-mthumb' "
 142      70753D63 
 142      6F727465 
 142      782D6D34 
 142      2720272D 
 143 0033 272D6767 		.ascii	"'-ggdb' '-O2' '-fomit-frame-pointer' '-falign-funct"
 143      64622720 
 143      272D4F32 
 143      2720272D 
 143      666F6D69 
 144 0066 696F6E73 		.ascii	"ions=16' '-ffunction-sections' '-fdata-sections' '-"
 144      3D313627 
 144      20272D66 
 144      66756E63 
 144      74696F6E 
 145 0099 666E6F2D 		.ascii	"fno-common' '-flto'\000"
 145      636F6D6D 
 145      6F6E2720 
 145      272D666C 
 145      746F2700 
 146              		.text
 147              		.cfi_sections	.debug_frame
 148              		.section	.text.__early_init,"ax",%progbits
 149              		.align	2
 150              		.p2align 4,,15
 151              		.global	__early_init
 152              		.thumb
 153              		.thumb_func
 154              		.type	__early_init, %function
 155              	__early_init:
 156              	.LFB260:
 157              		.file 1 "/usr/src/chibios/os/hal/boards/ST_STM32F4_DISCOVERY/board.c"
 158              		.loc 1 70 0
 159              		.cfi_startproc
 160              		@ args = 0, pretend = 0, frame = 0
 161              		@ frame_needed = 0, uses_anonymous_args = 0
 162              		@ link register save eliminated.
 163              		.loc 1 72 0
 164 0000 FFF7FEBF 		b	stm32_clock_init
 165              	.LVL0:
 166              		.cfi_endproc
ARM GAS  /tmp/ccs3dwxI.s 			page 11


 167              	.LFE260:
 168              		.size	__early_init, .-__early_init
 169              		.section	.text.boardInit,"ax",%progbits
 170              		.align	2
 171              		.p2align 4,,15
 172              		.global	boardInit
 173              		.thumb
 174              		.thumb_func
 175              		.type	boardInit, %function
 176              	boardInit:
 177              	.LFB261:
 178              		.loc 1 123 0
 179              		.cfi_startproc
 180              		@ args = 0, pretend = 0, frame = 0
 181              		@ frame_needed = 0, uses_anonymous_args = 0
 182              		@ link register save eliminated.
 183 0000 7047     		bx	lr
 184              		.cfi_endproc
 185              	.LFE261:
 186              		.size	boardInit, .-boardInit
 187              		.global	pal_default_config
 188 0002 00BF     		.section	.rodata.pal_default_config,"a",%progbits
 189              		.align	2
 190              		.type	pal_default_config, %object
 191              		.size	pal_default_config, 252
 192              	pal_default_config:
 193 0000 00AAA02A 		.word	715172352
 194 0004 00000000 		.word	0
 195 0008 FFABFFFF 		.word	-21505
 196 000c 54000140 		.word	1073807444
 197 0010 FFFF0000 		.word	65535
 198 0014 00005655 		.word	1431699456
 199 0018 00AA0A00 		.word	698880
 200 001c 80200800 		.word	532608
 201 0020 40020000 		.word	576
 202 0024 FFFFFFFF 		.word	-1
 203 0028 15455155 		.word	1431389461
 204 002c FFFF0000 		.word	65535
 205 0030 00000004 		.word	67108864
 206 0034 40000000 		.word	64
 207 0038 01802002 		.word	35684353
 208 003c 00000000 		.word	0
 209 0040 FFFFFFFF 		.word	-1
 210 0044 54154554 		.word	1413813588
 211 0048 FFFF0000 		.word	65535
 212 004c 00000060 		.word	1610612736
 213 0050 00060600 		.word	394752
 214 0054 00010055 		.word	1426063616
 215 0058 00000000 		.word	0
 216 005c FFFFFFFF 		.word	-1
 217 0060 55505500 		.word	5591125
 218 0064 FF0F0000 		.word	4095
 219 0068 00000000 		.word	0
 220 006c 00000000 		.word	0
 221 0070 40000000 		.word	64
 222 0074 00000000 		.word	0
 223 0078 FFFFFFFF 		.word	-1
ARM GAS  /tmp/ccs3dwxI.s 			page 12


 224 007c 00000000 		.word	0
 225 0080 FFFF0000 		.word	65535
 226 0084 00000000 		.word	0
 227 0088 00000000 		.word	0
 228 008c 00000000 		.word	0
 229 0090 00000000 		.word	0
 230 0094 FFFFFFFF 		.word	-1
 231 0098 00000000 		.word	0
 232 009c FFFF0000 		.word	65535
 233 00a0 00000000 		.word	0
 234 00a4 00000000 		.word	0
 235 00a8 00000000 		.word	0
 236 00ac 00000000 		.word	0
 237 00b0 FFFFFFFF 		.word	-1
 238 00b4 00000000 		.word	0
 239 00b8 FFFF0000 		.word	65535
 240 00bc 00000000 		.word	0
 241 00c0 00000000 		.word	0
 242 00c4 00000000 		.word	0
 243 00c8 00000000 		.word	0
 244 00cc FFFFFFFF 		.word	-1
 245 00d0 00000000 		.word	0
 246 00d4 FFFF0000 		.word	65535
 247 00d8 00000000 		.word	0
 248 00dc 00000000 		.word	0
 249 00e0 00000000 		.word	0
 250 00e4 00000000 		.word	0
 251 00e8 FFFFFFFF 		.word	-1
 252 00ec 00000000 		.word	0
 253 00f0 FFFF0000 		.word	65535
 254 00f4 00000000 		.word	0
 255 00f8 00000000 		.word	0
 256              		.text
 257              	.Letext0:
 258              		.file 2 "/usr/lib/gcc/arm-none-eabi/4.8/include/stddef.h"
 259              		.file 3 "/usr/include/newlib/machine/_default_types.h"
 260              		.file 4 "/usr/include/newlib/sys/_stdint.h"
 261              		.file 5 "/usr/src/chibios/os/rt/ports/ARMCMx/compilers/GCC/chtypes.h"
 262              		.file 6 "/usr/src/chibios/os/rt/include/chsystypes.h"
 263              		.file 7 "/usr/src/chibios/os/rt/include/chschd.h"
 264              		.file 8 "/usr/src/chibios/os/rt/ports/ARMCMx/chcore.h"
 265              		.file 9 "/usr/src/chibios/os/rt/ports/ARMCMx/chcore_v7m.h"
 266              		.file 10 "/usr/src/chibios/os/rt/include/chtm.h"
 267              		.file 11 "/usr/src/chibios/os/rt/include/chsem.h"
 268              		.file 12 "/usr/src/chibios/os/rt/include/chmtx.h"
 269              		.file 13 "/usr/src/chibios/os/hal/ports/STM32/LLD/GPIOv2/pal_lld.h"
 270              		.file 14 "/usr/src/chibios/os/ext/CMSIS/include/core_cm4.h"
 271              		.file 15 "/usr/src/chibios/os/hal/ports/STM32/STM32F4xx/hal_lld.h"
 272              		.section	.debug_info,"",%progbits
 273              	.Ldebug_info0:
 274 0000 73070000 		.4byte	0x773
 275 0004 0400     		.2byte	0x4
 276 0006 00000000 		.4byte	.Ldebug_abbrev0
 277 000a 04       		.byte	0x4
 278 000b 01       		.uleb128 0x1
 279 000c 80020000 		.4byte	.LASF122
 280 0010 01       		.byte	0x1
ARM GAS  /tmp/ccs3dwxI.s 			page 13


 281 0011 28010000 		.4byte	.LASF123
 282 0015 00000000 		.4byte	.Ldebug_ranges0+0
 283 0019 00000000 		.4byte	0
 284 001d 00000000 		.4byte	.Ldebug_line0
 285 0021 02       		.uleb128 0x2
 286 0022 04       		.byte	0x4
 287 0023 05       		.byte	0x5
 288 0024 696E7400 		.ascii	"int\000"
 289 0028 03       		.uleb128 0x3
 290 0029 20000000 		.4byte	.LASF2
 291 002d 02       		.byte	0x2
 292 002e D4       		.byte	0xd4
 293 002f 33000000 		.4byte	0x33
 294 0033 04       		.uleb128 0x4
 295 0034 04       		.byte	0x4
 296 0035 07       		.byte	0x7
 297 0036 C9010000 		.4byte	.LASF0
 298 003a 04       		.uleb128 0x4
 299 003b 01       		.byte	0x1
 300 003c 06       		.byte	0x6
 301 003d DD000000 		.4byte	.LASF1
 302 0041 03       		.uleb128 0x3
 303 0042 37000000 		.4byte	.LASF3
 304 0046 03       		.byte	0x3
 305 0047 1D       		.byte	0x1d
 306 0048 4C000000 		.4byte	0x4c
 307 004c 04       		.uleb128 0x4
 308 004d 01       		.byte	0x1
 309 004e 08       		.byte	0x8
 310 004f 0C040000 		.4byte	.LASF4
 311 0053 04       		.uleb128 0x4
 312 0054 02       		.byte	0x2
 313 0055 05       		.byte	0x5
 314 0056 2F040000 		.4byte	.LASF5
 315 005a 04       		.uleb128 0x4
 316 005b 02       		.byte	0x2
 317 005c 07       		.byte	0x7
 318 005d 0C020000 		.4byte	.LASF6
 319 0061 03       		.uleb128 0x3
 320 0062 64020000 		.4byte	.LASF7
 321 0066 03       		.byte	0x3
 322 0067 3F       		.byte	0x3f
 323 0068 6C000000 		.4byte	0x6c
 324 006c 04       		.uleb128 0x4
 325 006d 04       		.byte	0x4
 326 006e 05       		.byte	0x5
 327 006f 0F010000 		.4byte	.LASF8
 328 0073 03       		.uleb128 0x3
 329 0074 15050000 		.4byte	.LASF9
 330 0078 03       		.byte	0x3
 331 0079 41       		.byte	0x41
 332 007a 7E000000 		.4byte	0x7e
 333 007e 04       		.uleb128 0x4
 334 007f 04       		.byte	0x4
 335 0080 07       		.byte	0x7
 336 0081 D0040000 		.4byte	.LASF10
 337 0085 04       		.uleb128 0x4
ARM GAS  /tmp/ccs3dwxI.s 			page 14


 338 0086 08       		.byte	0x8
 339 0087 05       		.byte	0x5
 340 0088 CF000000 		.4byte	.LASF11
 341 008c 03       		.uleb128 0x3
 342 008d BC030000 		.4byte	.LASF12
 343 0091 03       		.byte	0x3
 344 0092 5B       		.byte	0x5b
 345 0093 97000000 		.4byte	0x97
 346 0097 04       		.uleb128 0x4
 347 0098 08       		.byte	0x8
 348 0099 07       		.byte	0x7
 349 009a 63000000 		.4byte	.LASF13
 350 009e 03       		.uleb128 0x3
 351 009f 6E050000 		.4byte	.LASF14
 352 00a3 04       		.byte	0x4
 353 00a4 14       		.byte	0x14
 354 00a5 41000000 		.4byte	0x41
 355 00a9 03       		.uleb128 0x3
 356 00aa 04040000 		.4byte	.LASF15
 357 00ae 04       		.byte	0x4
 358 00af 1F       		.byte	0x1f
 359 00b0 61000000 		.4byte	0x61
 360 00b4 03       		.uleb128 0x3
 361 00b5 9F040000 		.4byte	.LASF16
 362 00b9 04       		.byte	0x4
 363 00ba 20       		.byte	0x20
 364 00bb 73000000 		.4byte	0x73
 365 00bf 03       		.uleb128 0x3
 366 00c0 2E000000 		.4byte	.LASF17
 367 00c4 04       		.byte	0x4
 368 00c5 26       		.byte	0x26
 369 00c6 8C000000 		.4byte	0x8c
 370 00ca 05       		.uleb128 0x5
 371 00cb A9000000 		.4byte	0xa9
 372 00cf 03       		.uleb128 0x3
 373 00d0 39050000 		.4byte	.LASF18
 374 00d4 05       		.byte	0x5
 375 00d5 45       		.byte	0x45
 376 00d6 B4000000 		.4byte	0xb4
 377 00da 03       		.uleb128 0x3
 378 00db 42020000 		.4byte	.LASF19
 379 00df 05       		.byte	0x5
 380 00e0 48       		.byte	0x48
 381 00e1 9E000000 		.4byte	0x9e
 382 00e5 03       		.uleb128 0x3
 383 00e6 1F010000 		.4byte	.LASF20
 384 00ea 05       		.byte	0x5
 385 00eb 49       		.byte	0x49
 386 00ec 9E000000 		.4byte	0x9e
 387 00f0 03       		.uleb128 0x3
 388 00f1 C7030000 		.4byte	.LASF21
 389 00f5 05       		.byte	0x5
 390 00f6 4A       		.byte	0x4a
 391 00f7 9E000000 		.4byte	0x9e
 392 00fb 03       		.uleb128 0x3
 393 00fc E6030000 		.4byte	.LASF22
 394 0100 05       		.byte	0x5
ARM GAS  /tmp/ccs3dwxI.s 			page 15


 395 0101 4C       		.byte	0x4c
 396 0102 B4000000 		.4byte	0xb4
 397 0106 03       		.uleb128 0x3
 398 0107 30020000 		.4byte	.LASF23
 399 010b 05       		.byte	0x5
 400 010c 4D       		.byte	0x4d
 401 010d A9000000 		.4byte	0xa9
 402 0111 03       		.uleb128 0x3
 403 0112 58020000 		.4byte	.LASF24
 404 0116 05       		.byte	0x5
 405 0117 4F       		.byte	0x4f
 406 0118 B4000000 		.4byte	0xb4
 407 011c 03       		.uleb128 0x3
 408 011d C3010000 		.4byte	.LASF25
 409 0121 05       		.byte	0x5
 410 0122 51       		.byte	0x51
 411 0123 A9000000 		.4byte	0xa9
 412 0127 03       		.uleb128 0x3
 413 0128 F7040000 		.4byte	.LASF26
 414 012c 06       		.byte	0x6
 415 012d 33       		.byte	0x33
 416 012e B4000000 		.4byte	0xb4
 417 0132 03       		.uleb128 0x3
 418 0133 E7040000 		.4byte	.LASF27
 419 0137 06       		.byte	0x6
 420 0138 3F       		.byte	0x3f
 421 0139 3D010000 		.4byte	0x13d
 422 013d 06       		.uleb128 0x6
 423 013e 26020000 		.4byte	.LASF47
 424 0142 44       		.byte	0x44
 425 0143 07       		.byte	0x7
 426 0144 C2       		.byte	0xc2
 427 0145 2A020000 		.4byte	0x22a
 428 0149 07       		.uleb128 0x7
 429 014a 60040000 		.4byte	.LASF28
 430 014e 07       		.byte	0x7
 431 014f C3       		.byte	0xc3
 432 0150 35020000 		.4byte	0x235
 433 0154 00       		.byte	0
 434 0155 07       		.uleb128 0x7
 435 0156 DF030000 		.4byte	.LASF29
 436 015a 07       		.byte	0x7
 437 015b C5       		.byte	0xc5
 438 015c 35020000 		.4byte	0x235
 439 0160 04       		.byte	0x4
 440 0161 07       		.uleb128 0x7
 441 0162 C8000000 		.4byte	.LASF30
 442 0166 07       		.byte	0x7
 443 0167 C7       		.byte	0xc7
 444 0168 FB000000 		.4byte	0xfb
 445 016c 08       		.byte	0x8
 446 016d 07       		.uleb128 0x7
 447 016e C5050000 		.4byte	.LASF31
 448 0172 07       		.byte	0x7
 449 0173 C8       		.byte	0xc8
 450 0174 65040000 		.4byte	0x465
 451 0178 0C       		.byte	0xc
ARM GAS  /tmp/ccs3dwxI.s 			page 16


 452 0179 07       		.uleb128 0x7
 453 017a 64010000 		.4byte	.LASF32
 454 017e 07       		.byte	0x7
 455 017f CA       		.byte	0xca
 456 0180 35020000 		.4byte	0x235
 457 0184 10       		.byte	0x10
 458 0185 07       		.uleb128 0x7
 459 0186 7F030000 		.4byte	.LASF33
 460 018a 07       		.byte	0x7
 461 018b CB       		.byte	0xcb
 462 018c 35020000 		.4byte	0x235
 463 0190 14       		.byte	0x14
 464 0191 07       		.uleb128 0x7
 465 0192 7D050000 		.4byte	.LASF34
 466 0196 07       		.byte	0x7
 467 0197 D2       		.byte	0xd2
 468 0198 E4050000 		.4byte	0x5e4
 469 019c 18       		.byte	0x18
 470 019d 07       		.uleb128 0x7
 471 019e 39040000 		.4byte	.LASF35
 472 01a2 07       		.byte	0x7
 473 01a3 DD       		.byte	0xdd
 474 01a4 E5000000 		.4byte	0xe5
 475 01a8 1C       		.byte	0x1c
 476 01a9 07       		.uleb128 0x7
 477 01aa 67040000 		.4byte	.LASF36
 478 01ae 07       		.byte	0x7
 479 01af E1       		.byte	0xe1
 480 01b0 DA000000 		.4byte	0xda
 481 01b4 1D       		.byte	0x1d
 482 01b5 07       		.uleb128 0x7
 483 01b6 61050000 		.4byte	.LASF37
 484 01ba 07       		.byte	0x7
 485 01bb E6       		.byte	0xe6
 486 01bc F0000000 		.4byte	0xf0
 487 01c0 1E       		.byte	0x1e
 488 01c1 08       		.uleb128 0x8
 489 01c2 705F7500 		.ascii	"p_u\000"
 490 01c6 07       		.byte	0x7
 491 01c7 3101     		.2byte	0x131
 492 01c9 1F050000 		.4byte	0x51f
 493 01cd 20       		.byte	0x20
 494 01ce 09       		.uleb128 0x9
 495 01cf 36030000 		.4byte	.LASF38
 496 01d3 07       		.byte	0x7
 497 01d4 3601     		.2byte	0x136
 498 01d6 3B020000 		.4byte	0x23b
 499 01da 24       		.byte	0x24
 500 01db 09       		.uleb128 0x9
 501 01dc E5010000 		.4byte	.LASF39
 502 01e0 07       		.byte	0x7
 503 01e1 3C01     		.2byte	0x13c
 504 01e3 5F020000 		.4byte	0x25f
 505 01e7 28       		.byte	0x28
 506 01e8 09       		.uleb128 0x9
 507 01e9 9A050000 		.4byte	.LASF40
 508 01ed 07       		.byte	0x7
ARM GAS  /tmp/ccs3dwxI.s 			page 17


 509 01ee 4001     		.2byte	0x140
 510 01f0 06010000 		.4byte	0x106
 511 01f4 30       		.byte	0x30
 512 01f5 09       		.uleb128 0x9
 513 01f6 94040000 		.4byte	.LASF41
 514 01fa 07       		.byte	0x7
 515 01fb 4601     		.2byte	0x146
 516 01fd 11010000 		.4byte	0x111
 517 0201 34       		.byte	0x34
 518 0202 09       		.uleb128 0x9
 519 0203 25040000 		.4byte	.LASF42
 520 0207 07       		.byte	0x7
 521 0208 4D01     		.2byte	0x14d
 522 020a DE050000 		.4byte	0x5de
 523 020e 38       		.byte	0x38
 524 020f 09       		.uleb128 0x9
 525 0210 01050000 		.4byte	.LASF43
 526 0214 07       		.byte	0x7
 527 0215 5101     		.2byte	0x151
 528 0217 FB000000 		.4byte	0xfb
 529 021b 3C       		.byte	0x3c
 530 021c 09       		.uleb128 0x9
 531 021d E9000000 		.4byte	.LASF44
 532 0221 07       		.byte	0x7
 533 0222 5801     		.2byte	0x158
 534 0224 12030000 		.4byte	0x312
 535 0228 40       		.byte	0x40
 536 0229 00       		.byte	0
 537 022a 03       		.uleb128 0x3
 538 022b 49030000 		.4byte	.LASF45
 539 022f 06       		.byte	0x6
 540 0230 44       		.byte	0x44
 541 0231 35020000 		.4byte	0x235
 542 0235 0A       		.uleb128 0xa
 543 0236 04       		.byte	0x4
 544 0237 32010000 		.4byte	0x132
 545 023b 03       		.uleb128 0x3
 546 023c 8B050000 		.4byte	.LASF46
 547 0240 06       		.byte	0x6
 548 0241 49       		.byte	0x49
 549 0242 46020000 		.4byte	0x246
 550 0246 06       		.uleb128 0x6
 551 0247 C0040000 		.4byte	.LASF48
 552 024b 04       		.byte	0x4
 553 024c 07       		.byte	0x7
 554 024d B0       		.byte	0xb0
 555 024e 5F020000 		.4byte	0x25f
 556 0252 07       		.uleb128 0x7
 557 0253 60040000 		.4byte	.LASF28
 558 0257 07       		.byte	0x7
 559 0258 B1       		.byte	0xb1
 560 0259 35020000 		.4byte	0x235
 561 025d 00       		.byte	0
 562 025e 00       		.byte	0
 563 025f 03       		.uleb128 0x3
 564 0260 48050000 		.4byte	.LASF49
 565 0264 06       		.byte	0x6
ARM GAS  /tmp/ccs3dwxI.s 			page 18


 566 0265 50       		.byte	0x50
 567 0266 6A020000 		.4byte	0x26a
 568 026a 06       		.uleb128 0x6
 569 026b B7000000 		.4byte	.LASF50
 570 026f 08       		.byte	0x8
 571 0270 07       		.byte	0x7
 572 0271 B7       		.byte	0xb7
 573 0272 8F020000 		.4byte	0x28f
 574 0276 07       		.uleb128 0x7
 575 0277 60040000 		.4byte	.LASF28
 576 027b 07       		.byte	0x7
 577 027c B8       		.byte	0xb8
 578 027d 35020000 		.4byte	0x235
 579 0281 00       		.byte	0
 580 0282 07       		.uleb128 0x7
 581 0283 DF030000 		.4byte	.LASF29
 582 0287 07       		.byte	0x7
 583 0288 B9       		.byte	0xb9
 584 0289 35020000 		.4byte	0x235
 585 028d 04       		.byte	0x4
 586 028e 00       		.byte	0
 587 028f 03       		.uleb128 0x3
 588 0290 13000000 		.4byte	.LASF51
 589 0294 06       		.byte	0x6
 590 0295 57       		.byte	0x57
 591 0296 9A020000 		.4byte	0x29a
 592 029a 0B       		.uleb128 0xb
 593 029b 4A020000 		.4byte	.LASF52
 594 029f 1C       		.byte	0x1c
 595 02a0 07       		.byte	0x7
 596 02a1 9001     		.2byte	0x190
 597 02a3 F6020000 		.4byte	0x2f6
 598 02a7 09       		.uleb128 0x9
 599 02a8 AF040000 		.4byte	.LASF53
 600 02ac 07       		.byte	0x7
 601 02ad 9101     		.2byte	0x191
 602 02af 5F020000 		.4byte	0x25f
 603 02b3 00       		.byte	0
 604 02b4 09       		.uleb128 0x9
 605 02b5 4B040000 		.4byte	.LASF54
 606 02b9 07       		.byte	0x7
 607 02ba 9201     		.2byte	0x192
 608 02bc FB000000 		.4byte	0xfb
 609 02c0 08       		.byte	0x8
 610 02c1 09       		.uleb128 0x9
 611 02c2 87030000 		.4byte	.LASF55
 612 02c6 07       		.byte	0x7
 613 02c7 9401     		.2byte	0x194
 614 02c9 65040000 		.4byte	0x465
 615 02cd 0C       		.byte	0xc
 616 02ce 09       		.uleb128 0x9
 617 02cf 74010000 		.4byte	.LASF56
 618 02d3 07       		.byte	0x7
 619 02d4 9701     		.2byte	0x197
 620 02d6 35020000 		.4byte	0x235
 621 02da 10       		.byte	0x10
 622 02db 09       		.uleb128 0x9
ARM GAS  /tmp/ccs3dwxI.s 			page 19


 623 02dc B4030000 		.4byte	.LASF57
 624 02e0 07       		.byte	0x7
 625 02e1 9801     		.2byte	0x198
 626 02e3 35020000 		.4byte	0x235
 627 02e7 14       		.byte	0x14
 628 02e8 09       		.uleb128 0x9
 629 02e9 AA030000 		.4byte	.LASF58
 630 02ed 07       		.byte	0x7
 631 02ee 9B01     		.2byte	0x19b
 632 02f0 35020000 		.4byte	0x235
 633 02f4 18       		.byte	0x18
 634 02f5 00       		.byte	0
 635 02f6 03       		.uleb128 0x3
 636 02f7 0C050000 		.4byte	.LASF59
 637 02fb 06       		.byte	0x6
 638 02fc 5C       		.byte	0x5c
 639 02fd 01030000 		.4byte	0x301
 640 0301 0A       		.uleb128 0xa
 641 0302 04       		.byte	0x4
 642 0303 07030000 		.4byte	0x307
 643 0307 0C       		.uleb128 0xc
 644 0308 12030000 		.4byte	0x312
 645 030c 0D       		.uleb128 0xd
 646 030d 12030000 		.4byte	0x312
 647 0311 00       		.byte	0
 648 0312 0E       		.uleb128 0xe
 649 0313 04       		.byte	0x4
 650 0314 03       		.uleb128 0x3
 651 0315 CF030000 		.4byte	.LASF60
 652 0319 06       		.byte	0x6
 653 031a 61       		.byte	0x61
 654 031b 1F030000 		.4byte	0x31f
 655 031f 0B       		.uleb128 0xb
 656 0320 76040000 		.4byte	.LASF61
 657 0324 14       		.byte	0x14
 658 0325 07       		.byte	0x7
 659 0326 6B01     		.2byte	0x16b
 660 0328 6E030000 		.4byte	0x36e
 661 032c 09       		.uleb128 0x9
 662 032d D6010000 		.4byte	.LASF62
 663 0331 07       		.byte	0x7
 664 0332 6C01     		.2byte	0x16c
 665 0334 F6050000 		.4byte	0x5f6
 666 0338 00       		.byte	0
 667 0339 09       		.uleb128 0x9
 668 033a 85010000 		.4byte	.LASF63
 669 033e 07       		.byte	0x7
 670 033f 6D01     		.2byte	0x16d
 671 0341 F6050000 		.4byte	0x5f6
 672 0345 04       		.byte	0x4
 673 0346 09       		.uleb128 0x9
 674 0347 B7040000 		.4byte	.LASF64
 675 034b 07       		.byte	0x7
 676 034c 6E01     		.2byte	0x16e
 677 034e 27010000 		.4byte	0x127
 678 0352 08       		.byte	0x8
 679 0353 09       		.uleb128 0x9
ARM GAS  /tmp/ccs3dwxI.s 			page 20


 680 0354 CB050000 		.4byte	.LASF65
 681 0358 07       		.byte	0x7
 682 0359 6F01     		.2byte	0x16f
 683 035b F6020000 		.4byte	0x2f6
 684 035f 0C       		.byte	0xc
 685 0360 09       		.uleb128 0x9
 686 0361 41050000 		.4byte	.LASF66
 687 0365 07       		.byte	0x7
 688 0366 7101     		.2byte	0x171
 689 0368 12030000 		.4byte	0x312
 690 036c 10       		.byte	0x10
 691 036d 00       		.byte	0
 692 036e 03       		.uleb128 0x3
 693 036f 94000000 		.4byte	.LASF67
 694 0373 06       		.byte	0x6
 695 0374 66       		.byte	0x66
 696 0375 79030000 		.4byte	0x379
 697 0379 0B       		.uleb128 0xb
 698 037a 5C030000 		.4byte	.LASF68
 699 037e 10       		.byte	0x10
 700 037f 07       		.byte	0x7
 701 0380 7B01     		.2byte	0x17b
 702 0382 BB030000 		.4byte	0x3bb
 703 0386 09       		.uleb128 0x9
 704 0387 D6010000 		.4byte	.LASF62
 705 038b 07       		.byte	0x7
 706 038c 7C01     		.2byte	0x17c
 707 038e F6050000 		.4byte	0x5f6
 708 0392 00       		.byte	0
 709 0393 09       		.uleb128 0x9
 710 0394 85010000 		.4byte	.LASF63
 711 0398 07       		.byte	0x7
 712 0399 7E01     		.2byte	0x17e
 713 039b F6050000 		.4byte	0x5f6
 714 039f 04       		.byte	0x4
 715 03a0 09       		.uleb128 0x9
 716 03a1 B7040000 		.4byte	.LASF64
 717 03a5 07       		.byte	0x7
 718 03a6 8001     		.2byte	0x180
 719 03a8 27010000 		.4byte	0x127
 720 03ac 08       		.byte	0x8
 721 03ad 09       		.uleb128 0x9
 722 03ae 73030000 		.4byte	.LASF69
 723 03b2 07       		.byte	0x7
 724 03b3 8801     		.2byte	0x188
 725 03b5 27010000 		.4byte	0x127
 726 03b9 0C       		.byte	0xc
 727 03ba 00       		.byte	0
 728 03bb 03       		.uleb128 0x3
 729 03bc 4D000000 		.4byte	.LASF70
 730 03c0 06       		.byte	0x6
 731 03c1 6B       		.byte	0x6b
 732 03c2 C6030000 		.4byte	0x3c6
 733 03c6 0B       		.uleb128 0xb
 734 03c7 EE030000 		.4byte	.LASF71
 735 03cb 04       		.byte	0x4
 736 03cc 07       		.byte	0x7
ARM GAS  /tmp/ccs3dwxI.s 			page 21


 737 03cd A201     		.2byte	0x1a2
 738 03cf E1030000 		.4byte	0x3e1
 739 03d3 09       		.uleb128 0x9
 740 03d4 20050000 		.4byte	.LASF72
 741 03d8 07       		.byte	0x7
 742 03d9 AA01     		.2byte	0x1aa
 743 03db FC050000 		.4byte	0x5fc
 744 03df 00       		.byte	0
 745 03e0 00       		.byte	0
 746 03e1 03       		.uleb128 0x3
 747 03e2 36020000 		.4byte	.LASF73
 748 03e6 06       		.byte	0x6
 749 03e7 70       		.byte	0x70
 750 03e8 EC030000 		.4byte	0x3ec
 751 03ec 0F       		.uleb128 0xf
 752 03ed 05010000 		.4byte	.LASF74
 753 03f1 5001     		.2byte	0x150
 754 03f3 07       		.byte	0x7
 755 03f4 C201     		.2byte	0x1c2
 756 03f6 48040000 		.4byte	0x448
 757 03fa 09       		.uleb128 0x9
 758 03fb 68050000 		.4byte	.LASF75
 759 03ff 07       		.byte	0x7
 760 0400 C601     		.2byte	0x1c6
 761 0402 8F020000 		.4byte	0x28f
 762 0406 00       		.byte	0
 763 0407 09       		.uleb128 0x9
 764 0408 8D010000 		.4byte	.LASF76
 765 040c 07       		.byte	0x7
 766 040d CA01     		.2byte	0x1ca
 767 040f 6E030000 		.4byte	0x36e
 768 0413 1C       		.byte	0x1c
 769 0414 08       		.uleb128 0x8
 770 0415 64626700 		.ascii	"dbg\000"
 771 0419 07       		.byte	0x7
 772 041a CE01     		.2byte	0x1ce
 773 041c BB030000 		.4byte	0x3bb
 774 0420 2C       		.byte	0x2c
 775 0421 09       		.uleb128 0x9
 776 0422 89000000 		.4byte	.LASF77
 777 0426 07       		.byte	0x7
 778 0427 D201     		.2byte	0x1d2
 779 0429 32010000 		.4byte	0x132
 780 042d 30       		.byte	0x30
 781 042e 08       		.uleb128 0x8
 782 042f 746D00   		.ascii	"tm\000"
 783 0432 07       		.byte	0x7
 784 0433 D701     		.2byte	0x1d7
 785 0435 14050000 		.4byte	0x514
 786 0439 74       		.byte	0x74
 787 043a 09       		.uleb128 0x9
 788 043b B4010000 		.4byte	.LASF78
 789 043f 07       		.byte	0x7
 790 0440 E301     		.2byte	0x1e3
 791 0442 01060000 		.4byte	0x601
 792 0446 78       		.byte	0x78
 793 0447 00       		.byte	0
ARM GAS  /tmp/ccs3dwxI.s 			page 22


 794 0448 04       		.uleb128 0x4
 795 0449 04       		.byte	0x4
 796 044a 07       		.byte	0x7
 797 044b 40030000 		.4byte	.LASF79
 798 044f 03       		.uleb128 0x3
 799 0450 7C010000 		.4byte	.LASF80
 800 0454 08       		.byte	0x8
 801 0455 65       		.byte	0x65
 802 0456 12030000 		.4byte	0x312
 803 045a 03       		.uleb128 0x3
 804 045b 75020000 		.4byte	.LASF81
 805 045f 08       		.byte	0x8
 806 0460 6D       		.byte	0x6d
 807 0461 BF000000 		.4byte	0xbf
 808 0465 06       		.uleb128 0x6
 809 0466 31050000 		.4byte	.LASF82
 810 046a 04       		.byte	0x4
 811 046b 08       		.byte	0x8
 812 046c 89       		.byte	0x89
 813 046d 7E040000 		.4byte	0x47e
 814 0471 10       		.uleb128 0x10
 815 0472 72313300 		.ascii	"r13\000"
 816 0476 08       		.byte	0x8
 817 0477 8A       		.byte	0x8a
 818 0478 F9040000 		.4byte	0x4f9
 819 047c 00       		.byte	0
 820 047d 00       		.byte	0
 821 047e 06       		.uleb128 0x6
 822 047f 41000000 		.4byte	.LASF83
 823 0483 24       		.byte	0x24
 824 0484 09       		.byte	0x9
 825 0485 F4       		.byte	0xf4
 826 0486 F9040000 		.4byte	0x4f9
 827 048a 08       		.uleb128 0x8
 828 048b 723400   		.ascii	"r4\000"
 829 048e 09       		.byte	0x9
 830 048f 0701     		.2byte	0x107
 831 0491 4F040000 		.4byte	0x44f
 832 0495 00       		.byte	0
 833 0496 08       		.uleb128 0x8
 834 0497 723500   		.ascii	"r5\000"
 835 049a 09       		.byte	0x9
 836 049b 0801     		.2byte	0x108
 837 049d 4F040000 		.4byte	0x44f
 838 04a1 04       		.byte	0x4
 839 04a2 08       		.uleb128 0x8
 840 04a3 723600   		.ascii	"r6\000"
 841 04a6 09       		.byte	0x9
 842 04a7 0901     		.2byte	0x109
 843 04a9 4F040000 		.4byte	0x44f
 844 04ad 08       		.byte	0x8
 845 04ae 08       		.uleb128 0x8
 846 04af 723700   		.ascii	"r7\000"
 847 04b2 09       		.byte	0x9
 848 04b3 0A01     		.2byte	0x10a
 849 04b5 4F040000 		.4byte	0x44f
 850 04b9 0C       		.byte	0xc
ARM GAS  /tmp/ccs3dwxI.s 			page 23


 851 04ba 08       		.uleb128 0x8
 852 04bb 723800   		.ascii	"r8\000"
 853 04be 09       		.byte	0x9
 854 04bf 0B01     		.2byte	0x10b
 855 04c1 4F040000 		.4byte	0x44f
 856 04c5 10       		.byte	0x10
 857 04c6 08       		.uleb128 0x8
 858 04c7 723900   		.ascii	"r9\000"
 859 04ca 09       		.byte	0x9
 860 04cb 0C01     		.2byte	0x10c
 861 04cd 4F040000 		.4byte	0x44f
 862 04d1 14       		.byte	0x14
 863 04d2 08       		.uleb128 0x8
 864 04d3 72313000 		.ascii	"r10\000"
 865 04d7 09       		.byte	0x9
 866 04d8 0D01     		.2byte	0x10d
 867 04da 4F040000 		.4byte	0x44f
 868 04de 18       		.byte	0x18
 869 04df 08       		.uleb128 0x8
 870 04e0 72313100 		.ascii	"r11\000"
 871 04e4 09       		.byte	0x9
 872 04e5 0E01     		.2byte	0x10e
 873 04e7 4F040000 		.4byte	0x44f
 874 04eb 1C       		.byte	0x1c
 875 04ec 08       		.uleb128 0x8
 876 04ed 6C7200   		.ascii	"lr\000"
 877 04f0 09       		.byte	0x9
 878 04f1 0F01     		.2byte	0x10f
 879 04f3 4F040000 		.4byte	0x44f
 880 04f7 20       		.byte	0x20
 881 04f8 00       		.byte	0
 882 04f9 0A       		.uleb128 0xa
 883 04fa 04       		.byte	0x4
 884 04fb 7E040000 		.4byte	0x47e
 885 04ff 11       		.uleb128 0x11
 886 0500 04       		.byte	0x4
 887 0501 0A       		.byte	0xa
 888 0502 38       		.byte	0x38
 889 0503 14050000 		.4byte	0x514
 890 0507 07       		.uleb128 0x7
 891 0508 2A050000 		.4byte	.LASF84
 892 050c 0A       		.byte	0xa
 893 050d 3C       		.byte	0x3c
 894 050e CF000000 		.4byte	0xcf
 895 0512 00       		.byte	0
 896 0513 00       		.byte	0
 897 0514 03       		.uleb128 0x3
 898 0515 8D030000 		.4byte	.LASF85
 899 0519 0A       		.byte	0xa
 900 051a 3D       		.byte	0x3d
 901 051b FF040000 		.4byte	0x4ff
 902 051f 12       		.uleb128 0x12
 903 0520 04       		.byte	0x4
 904 0521 07       		.byte	0x7
 905 0522 FA       		.byte	0xfa
 906 0523 7C050000 		.4byte	0x57c
 907 0527 13       		.uleb128 0x13
ARM GAS  /tmp/ccs3dwxI.s 			page 24


 908 0528 27000000 		.4byte	.LASF86
 909 052c 07       		.byte	0x7
 910 052d 0101     		.2byte	0x101
 911 052f 06010000 		.4byte	0x106
 912 0533 13       		.uleb128 0x13
 913 0534 80000000 		.4byte	.LASF87
 914 0538 07       		.byte	0x7
 915 0539 0801     		.2byte	0x108
 916 053b 06010000 		.4byte	0x106
 917 053f 13       		.uleb128 0x13
 918 0540 76050000 		.4byte	.LASF88
 919 0544 07       		.byte	0x7
 920 0545 0F01     		.2byte	0x10f
 921 0547 12030000 		.4byte	0x312
 922 054b 13       		.uleb128 0x13
 923 054c FF000000 		.4byte	.LASF89
 924 0550 07       		.byte	0x7
 925 0551 1601     		.2byte	0x116
 926 0553 7C050000 		.4byte	0x57c
 927 0557 13       		.uleb128 0x13
 928 0558 DE010000 		.4byte	.LASF90
 929 055c 07       		.byte	0x7
 930 055d 1E01     		.2byte	0x11e
 931 055f A7050000 		.4byte	0x5a7
 932 0563 13       		.uleb128 0x13
 933 0564 A8040000 		.4byte	.LASF91
 934 0568 07       		.byte	0x7
 935 0569 2701     		.2byte	0x127
 936 056b DE050000 		.4byte	0x5de
 937 056f 13       		.uleb128 0x13
 938 0570 59040000 		.4byte	.LASF92
 939 0574 07       		.byte	0x7
 940 0575 2F01     		.2byte	0x12f
 941 0577 11010000 		.4byte	0x111
 942 057b 00       		.byte	0
 943 057c 0A       		.uleb128 0xa
 944 057d 04       		.byte	0x4
 945 057e 2A020000 		.4byte	0x22a
 946 0582 06       		.uleb128 0x6
 947 0583 87040000 		.4byte	.LASF93
 948 0587 0C       		.byte	0xc
 949 0588 0B       		.byte	0xb
 950 0589 34       		.byte	0x34
 951 058a A7050000 		.4byte	0x5a7
 952 058e 07       		.uleb128 0x7
 953 058f 6C010000 		.4byte	.LASF94
 954 0593 0B       		.byte	0xb
 955 0594 35       		.byte	0x35
 956 0595 5F020000 		.4byte	0x25f
 957 0599 00       		.byte	0
 958 059a 07       		.uleb128 0x7
 959 059b 1F040000 		.4byte	.LASF95
 960 059f 0B       		.byte	0xb
 961 05a0 37       		.byte	0x37
 962 05a1 1C010000 		.4byte	0x11c
 963 05a5 08       		.byte	0x8
 964 05a6 00       		.byte	0
ARM GAS  /tmp/ccs3dwxI.s 			page 25


 965 05a7 0A       		.uleb128 0xa
 966 05a8 04       		.byte	0x4
 967 05a9 82050000 		.4byte	0x582
 968 05ad 06       		.uleb128 0x6
 969 05ae 58050000 		.4byte	.LASF96
 970 05b2 10       		.byte	0x10
 971 05b3 0C       		.byte	0xc
 972 05b4 39       		.byte	0x39
 973 05b5 DE050000 		.4byte	0x5de
 974 05b9 07       		.uleb128 0x7
 975 05ba F1000000 		.4byte	.LASF97
 976 05be 0C       		.byte	0xc
 977 05bf 3A       		.byte	0x3a
 978 05c0 5F020000 		.4byte	0x25f
 979 05c4 00       		.byte	0
 980 05c5 07       		.uleb128 0x7
 981 05c6 AA050000 		.4byte	.LASF98
 982 05ca 0C       		.byte	0xc
 983 05cb 3C       		.byte	0x3c
 984 05cc 35020000 		.4byte	0x235
 985 05d0 08       		.byte	0x8
 986 05d1 07       		.uleb128 0x7
 987 05d2 F0040000 		.4byte	.LASF99
 988 05d6 0C       		.byte	0xc
 989 05d7 3E       		.byte	0x3e
 990 05d8 1C060000 		.4byte	0x61c
 991 05dc 0C       		.byte	0xc
 992 05dd 00       		.byte	0
 993 05de 0A       		.uleb128 0xa
 994 05df 04       		.byte	0x4
 995 05e0 AD050000 		.4byte	0x5ad
 996 05e4 0A       		.uleb128 0xa
 997 05e5 04       		.byte	0x4
 998 05e6 EA050000 		.4byte	0x5ea
 999 05ea 14       		.uleb128 0x14
 1000 05eb EF050000 		.4byte	0x5ef
 1001 05ef 04       		.uleb128 0x4
 1002 05f0 01       		.byte	0x1
 1003 05f1 08       		.byte	0x8
 1004 05f2 E2040000 		.4byte	.LASF100
 1005 05f6 0A       		.uleb128 0xa
 1006 05f7 04       		.byte	0x4
 1007 05f8 14030000 		.4byte	0x314
 1008 05fc 05       		.uleb128 0x5
 1009 05fd E4050000 		.4byte	0x5e4
 1010 0601 15       		.uleb128 0x15
 1011 0602 5A040000 		.4byte	0x45a
 1012 0606 11060000 		.4byte	0x611
 1013 060a 16       		.uleb128 0x16
 1014 060b 48040000 		.4byte	0x448
 1015 060f 1A       		.byte	0x1a
 1016 0610 00       		.byte	0
 1017 0611 03       		.uleb128 0x3
 1018 0612 A5010000 		.4byte	.LASF101
 1019 0616 0C       		.byte	0xc
 1020 0617 34       		.byte	0x34
 1021 0618 AD050000 		.4byte	0x5ad
ARM GAS  /tmp/ccs3dwxI.s 			page 26


 1022 061c 0A       		.uleb128 0xa
 1023 061d 04       		.byte	0x4
 1024 061e 11060000 		.4byte	0x611
 1025 0622 04       		.uleb128 0x4
 1026 0623 01       		.byte	0x1
 1027 0624 02       		.byte	0x2
 1028 0625 FE030000 		.4byte	.LASF102
 1029 0629 11       		.uleb128 0x11
 1030 062a 1C       		.byte	0x1c
 1031 062b 0D       		.byte	0xd
 1032 062c C1       		.byte	0xc1
 1033 062d 86060000 		.4byte	0x686
 1034 0631 07       		.uleb128 0x7
 1035 0632 F9000000 		.4byte	.LASF103
 1036 0636 0D       		.byte	0xd
 1037 0637 C3       		.byte	0xc3
 1038 0638 B4000000 		.4byte	0xb4
 1039 063c 00       		.byte	0
 1040 063d 07       		.uleb128 0x7
 1041 063e F8010000 		.4byte	.LASF104
 1042 0642 0D       		.byte	0xd
 1043 0643 C5       		.byte	0xc5
 1044 0644 B4000000 		.4byte	0xb4
 1045 0648 04       		.byte	0x4
 1046 0649 07       		.uleb128 0x7
 1047 064a F0010000 		.4byte	.LASF105
 1048 064e 0D       		.byte	0xd
 1049 064f C7       		.byte	0xc7
 1050 0650 B4000000 		.4byte	0xb4
 1051 0654 08       		.byte	0x8
 1052 0655 07       		.uleb128 0x7
 1053 0656 7A000000 		.4byte	.LASF106
 1054 065a 0D       		.byte	0xd
 1055 065b C9       		.byte	0xc9
 1056 065c B4000000 		.4byte	0xb4
 1057 0660 0C       		.byte	0xc
 1058 0661 10       		.uleb128 0x10
 1059 0662 6F647200 		.ascii	"odr\000"
 1060 0666 0D       		.byte	0xd
 1061 0667 CB       		.byte	0xcb
 1062 0668 B4000000 		.4byte	0xb4
 1063 066c 10       		.byte	0x10
 1064 066d 07       		.uleb128 0x7
 1065 066e 1A040000 		.4byte	.LASF107
 1066 0672 0D       		.byte	0xd
 1067 0673 CD       		.byte	0xcd
 1068 0674 B4000000 		.4byte	0xb4
 1069 0678 14       		.byte	0x14
 1070 0679 07       		.uleb128 0x7
 1071 067a 9E030000 		.4byte	.LASF108
 1072 067e 0D       		.byte	0xd
 1073 067f CF       		.byte	0xcf
 1074 0680 B4000000 		.4byte	0xb4
 1075 0684 18       		.byte	0x18
 1076 0685 00       		.byte	0
 1077 0686 03       		.uleb128 0x3
 1078 0687 00000000 		.4byte	.LASF109
ARM GAS  /tmp/ccs3dwxI.s 			page 27


 1079 068b 0D       		.byte	0xd
 1080 068c D0       		.byte	0xd0
 1081 068d 29060000 		.4byte	0x629
 1082 0691 11       		.uleb128 0x11
 1083 0692 FC       		.byte	0xfc
 1084 0693 0D       		.byte	0xd
 1085 0694 D9       		.byte	0xd9
 1086 0695 06070000 		.4byte	0x706
 1087 0699 07       		.uleb128 0x7
 1088 069a 52040000 		.4byte	.LASF110
 1089 069e 0D       		.byte	0xd
 1090 069f DC       		.byte	0xdc
 1091 06a0 86060000 		.4byte	0x686
 1092 06a4 00       		.byte	0
 1093 06a5 07       		.uleb128 0x7
 1094 06a6 AD010000 		.4byte	.LASF111
 1095 06aa 0D       		.byte	0xd
 1096 06ab E0       		.byte	0xe0
 1097 06ac 86060000 		.4byte	0x686
 1098 06b0 1C       		.byte	0x1c
 1099 06b1 07       		.uleb128 0x7
 1100 06b2 84050000 		.4byte	.LASF112
 1101 06b6 0D       		.byte	0xd
 1102 06b7 E4       		.byte	0xe4
 1103 06b8 86060000 		.4byte	0x686
 1104 06bc 38       		.byte	0x38
 1105 06bd 07       		.uleb128 0x7
 1106 06be A3030000 		.4byte	.LASF113
 1107 06c2 0D       		.byte	0xd
 1108 06c3 E8       		.byte	0xe8
 1109 06c4 86060000 		.4byte	0x686
 1110 06c8 54       		.byte	0x54
 1111 06c9 07       		.uleb128 0x7
 1112 06ca 18010000 		.4byte	.LASF114
 1113 06ce 0D       		.byte	0xd
 1114 06cf EC       		.byte	0xec
 1115 06d0 86060000 		.4byte	0x686
 1116 06d4 70       		.byte	0x70
 1117 06d5 07       		.uleb128 0x7
 1118 06d6 1F020000 		.4byte	.LASF115
 1119 06da 0D       		.byte	0xd
 1120 06db F0       		.byte	0xf0
 1121 06dc 86060000 		.4byte	0x686
 1122 06e0 8C       		.byte	0x8c
 1123 06e1 07       		.uleb128 0x7
 1124 06e2 6E020000 		.4byte	.LASF116
 1125 06e6 0D       		.byte	0xd
 1126 06e7 F4       		.byte	0xf4
 1127 06e8 86060000 		.4byte	0x686
 1128 06ec A8       		.byte	0xa8
 1129 06ed 07       		.uleb128 0x7
 1130 06ee 5C000000 		.4byte	.LASF117
 1131 06f2 0D       		.byte	0xd
 1132 06f3 F8       		.byte	0xf8
 1133 06f4 86060000 		.4byte	0x686
 1134 06f8 C4       		.byte	0xc4
 1135 06f9 07       		.uleb128 0x7
ARM GAS  /tmp/ccs3dwxI.s 			page 28


 1136 06fa 6F040000 		.4byte	.LASF118
 1137 06fe 0D       		.byte	0xd
 1138 06ff FC       		.byte	0xfc
 1139 0700 86060000 		.4byte	0x686
 1140 0704 E0       		.byte	0xe0
 1141 0705 00       		.byte	0
 1142 0706 03       		.uleb128 0x3
 1143 0707 A0050000 		.4byte	.LASF119
 1144 070b 0D       		.byte	0xd
 1145 070c FE       		.byte	0xfe
 1146 070d 91060000 		.4byte	0x691
 1147 0711 17       		.uleb128 0x17
 1148 0712 FF010000 		.4byte	.LASF124
 1149 0716 01       		.byte	0x1
 1150 0717 46       		.byte	0x46
 1151 0718 00000000 		.4byte	.LFB260
 1152 071c 04000000 		.4byte	.LFE260-.LFB260
 1153 0720 01       		.uleb128 0x1
 1154 0721 9C       		.byte	0x9c
 1155 0722 30070000 		.4byte	0x730
 1156 0726 18       		.uleb128 0x18
 1157 0727 04000000 		.4byte	.LVL0
 1158 072b 6E070000 		.4byte	0x76e
 1159 072f 00       		.byte	0
 1160 0730 19       		.uleb128 0x19
 1161 0731 41040000 		.4byte	.LASF125
 1162 0735 01       		.byte	0x1
 1163 0736 7B       		.byte	0x7b
 1164 0737 00000000 		.4byte	.LFB261
 1165 073b 02000000 		.4byte	.LFE261-.LFB261
 1166 073f 01       		.uleb128 0x1
 1167 0740 9C       		.byte	0x9c
 1168 0741 1A       		.uleb128 0x1a
 1169 0742 AA000000 		.4byte	.LASF120
 1170 0746 0E       		.byte	0xe
 1171 0747 A706     		.2byte	0x6a7
 1172 0749 CA000000 		.4byte	0xca
 1173 074d 1B       		.uleb128 0x1b
 1174 074e 636800   		.ascii	"ch\000"
 1175 0751 07       		.byte	0x7
 1176 0752 0902     		.2byte	0x209
 1177 0754 E1030000 		.4byte	0x3e1
 1178 0758 1C       		.uleb128 0x1c
 1179 0759 B2050000 		.4byte	.LASF121
 1180 075d 01       		.byte	0x1
 1181 075e 19       		.byte	0x19
 1182 075f 69070000 		.4byte	0x769
 1183 0763 05       		.uleb128 0x5
 1184 0764 03       		.byte	0x3
 1185 0765 00000000 		.4byte	pal_default_config
 1186 0769 14       		.uleb128 0x14
 1187 076a 06070000 		.4byte	0x706
 1188 076e 1D       		.uleb128 0x1d
 1189 076f 94010000 		.4byte	.LASF126
 1190 0773 0F       		.byte	0xf
 1191 0774 1306     		.2byte	0x613
 1192 0776 00       		.byte	0
ARM GAS  /tmp/ccs3dwxI.s 			page 29


 1193              		.section	.debug_abbrev,"",%progbits
 1194              	.Ldebug_abbrev0:
 1195 0000 01       		.uleb128 0x1
 1196 0001 11       		.uleb128 0x11
 1197 0002 01       		.byte	0x1
 1198 0003 25       		.uleb128 0x25
 1199 0004 0E       		.uleb128 0xe
 1200 0005 13       		.uleb128 0x13
 1201 0006 0B       		.uleb128 0xb
 1202 0007 03       		.uleb128 0x3
 1203 0008 0E       		.uleb128 0xe
 1204 0009 55       		.uleb128 0x55
 1205 000a 17       		.uleb128 0x17
 1206 000b 11       		.uleb128 0x11
 1207 000c 01       		.uleb128 0x1
 1208 000d 10       		.uleb128 0x10
 1209 000e 17       		.uleb128 0x17
 1210 000f 00       		.byte	0
 1211 0010 00       		.byte	0
 1212 0011 02       		.uleb128 0x2
 1213 0012 24       		.uleb128 0x24
 1214 0013 00       		.byte	0
 1215 0014 0B       		.uleb128 0xb
 1216 0015 0B       		.uleb128 0xb
 1217 0016 3E       		.uleb128 0x3e
 1218 0017 0B       		.uleb128 0xb
 1219 0018 03       		.uleb128 0x3
 1220 0019 08       		.uleb128 0x8
 1221 001a 00       		.byte	0
 1222 001b 00       		.byte	0
 1223 001c 03       		.uleb128 0x3
 1224 001d 16       		.uleb128 0x16
 1225 001e 00       		.byte	0
 1226 001f 03       		.uleb128 0x3
 1227 0020 0E       		.uleb128 0xe
 1228 0021 3A       		.uleb128 0x3a
 1229 0022 0B       		.uleb128 0xb
 1230 0023 3B       		.uleb128 0x3b
 1231 0024 0B       		.uleb128 0xb
 1232 0025 49       		.uleb128 0x49
 1233 0026 13       		.uleb128 0x13
 1234 0027 00       		.byte	0
 1235 0028 00       		.byte	0
 1236 0029 04       		.uleb128 0x4
 1237 002a 24       		.uleb128 0x24
 1238 002b 00       		.byte	0
 1239 002c 0B       		.uleb128 0xb
 1240 002d 0B       		.uleb128 0xb
 1241 002e 3E       		.uleb128 0x3e
 1242 002f 0B       		.uleb128 0xb
 1243 0030 03       		.uleb128 0x3
 1244 0031 0E       		.uleb128 0xe
 1245 0032 00       		.byte	0
 1246 0033 00       		.byte	0
 1247 0034 05       		.uleb128 0x5
 1248 0035 35       		.uleb128 0x35
 1249 0036 00       		.byte	0
ARM GAS  /tmp/ccs3dwxI.s 			page 30


 1250 0037 49       		.uleb128 0x49
 1251 0038 13       		.uleb128 0x13
 1252 0039 00       		.byte	0
 1253 003a 00       		.byte	0
 1254 003b 06       		.uleb128 0x6
 1255 003c 13       		.uleb128 0x13
 1256 003d 01       		.byte	0x1
 1257 003e 03       		.uleb128 0x3
 1258 003f 0E       		.uleb128 0xe
 1259 0040 0B       		.uleb128 0xb
 1260 0041 0B       		.uleb128 0xb
 1261 0042 3A       		.uleb128 0x3a
 1262 0043 0B       		.uleb128 0xb
 1263 0044 3B       		.uleb128 0x3b
 1264 0045 0B       		.uleb128 0xb
 1265 0046 01       		.uleb128 0x1
 1266 0047 13       		.uleb128 0x13
 1267 0048 00       		.byte	0
 1268 0049 00       		.byte	0
 1269 004a 07       		.uleb128 0x7
 1270 004b 0D       		.uleb128 0xd
 1271 004c 00       		.byte	0
 1272 004d 03       		.uleb128 0x3
 1273 004e 0E       		.uleb128 0xe
 1274 004f 3A       		.uleb128 0x3a
 1275 0050 0B       		.uleb128 0xb
 1276 0051 3B       		.uleb128 0x3b
 1277 0052 0B       		.uleb128 0xb
 1278 0053 49       		.uleb128 0x49
 1279 0054 13       		.uleb128 0x13
 1280 0055 38       		.uleb128 0x38
 1281 0056 0B       		.uleb128 0xb
 1282 0057 00       		.byte	0
 1283 0058 00       		.byte	0
 1284 0059 08       		.uleb128 0x8
 1285 005a 0D       		.uleb128 0xd
 1286 005b 00       		.byte	0
 1287 005c 03       		.uleb128 0x3
 1288 005d 08       		.uleb128 0x8
 1289 005e 3A       		.uleb128 0x3a
 1290 005f 0B       		.uleb128 0xb
 1291 0060 3B       		.uleb128 0x3b
 1292 0061 05       		.uleb128 0x5
 1293 0062 49       		.uleb128 0x49
 1294 0063 13       		.uleb128 0x13
 1295 0064 38       		.uleb128 0x38
 1296 0065 0B       		.uleb128 0xb
 1297 0066 00       		.byte	0
 1298 0067 00       		.byte	0
 1299 0068 09       		.uleb128 0x9
 1300 0069 0D       		.uleb128 0xd
 1301 006a 00       		.byte	0
 1302 006b 03       		.uleb128 0x3
 1303 006c 0E       		.uleb128 0xe
 1304 006d 3A       		.uleb128 0x3a
 1305 006e 0B       		.uleb128 0xb
 1306 006f 3B       		.uleb128 0x3b
ARM GAS  /tmp/ccs3dwxI.s 			page 31


 1307 0070 05       		.uleb128 0x5
 1308 0071 49       		.uleb128 0x49
 1309 0072 13       		.uleb128 0x13
 1310 0073 38       		.uleb128 0x38
 1311 0074 0B       		.uleb128 0xb
 1312 0075 00       		.byte	0
 1313 0076 00       		.byte	0
 1314 0077 0A       		.uleb128 0xa
 1315 0078 0F       		.uleb128 0xf
 1316 0079 00       		.byte	0
 1317 007a 0B       		.uleb128 0xb
 1318 007b 0B       		.uleb128 0xb
 1319 007c 49       		.uleb128 0x49
 1320 007d 13       		.uleb128 0x13
 1321 007e 00       		.byte	0
 1322 007f 00       		.byte	0
 1323 0080 0B       		.uleb128 0xb
 1324 0081 13       		.uleb128 0x13
 1325 0082 01       		.byte	0x1
 1326 0083 03       		.uleb128 0x3
 1327 0084 0E       		.uleb128 0xe
 1328 0085 0B       		.uleb128 0xb
 1329 0086 0B       		.uleb128 0xb
 1330 0087 3A       		.uleb128 0x3a
 1331 0088 0B       		.uleb128 0xb
 1332 0089 3B       		.uleb128 0x3b
 1333 008a 05       		.uleb128 0x5
 1334 008b 01       		.uleb128 0x1
 1335 008c 13       		.uleb128 0x13
 1336 008d 00       		.byte	0
 1337 008e 00       		.byte	0
 1338 008f 0C       		.uleb128 0xc
 1339 0090 15       		.uleb128 0x15
 1340 0091 01       		.byte	0x1
 1341 0092 27       		.uleb128 0x27
 1342 0093 19       		.uleb128 0x19
 1343 0094 01       		.uleb128 0x1
 1344 0095 13       		.uleb128 0x13
 1345 0096 00       		.byte	0
 1346 0097 00       		.byte	0
 1347 0098 0D       		.uleb128 0xd
 1348 0099 05       		.uleb128 0x5
 1349 009a 00       		.byte	0
 1350 009b 49       		.uleb128 0x49
 1351 009c 13       		.uleb128 0x13
 1352 009d 00       		.byte	0
 1353 009e 00       		.byte	0
 1354 009f 0E       		.uleb128 0xe
 1355 00a0 0F       		.uleb128 0xf
 1356 00a1 00       		.byte	0
 1357 00a2 0B       		.uleb128 0xb
 1358 00a3 0B       		.uleb128 0xb
 1359 00a4 00       		.byte	0
 1360 00a5 00       		.byte	0
 1361 00a6 0F       		.uleb128 0xf
 1362 00a7 13       		.uleb128 0x13
 1363 00a8 01       		.byte	0x1
ARM GAS  /tmp/ccs3dwxI.s 			page 32


 1364 00a9 03       		.uleb128 0x3
 1365 00aa 0E       		.uleb128 0xe
 1366 00ab 0B       		.uleb128 0xb
 1367 00ac 05       		.uleb128 0x5
 1368 00ad 3A       		.uleb128 0x3a
 1369 00ae 0B       		.uleb128 0xb
 1370 00af 3B       		.uleb128 0x3b
 1371 00b0 05       		.uleb128 0x5
 1372 00b1 01       		.uleb128 0x1
 1373 00b2 13       		.uleb128 0x13
 1374 00b3 00       		.byte	0
 1375 00b4 00       		.byte	0
 1376 00b5 10       		.uleb128 0x10
 1377 00b6 0D       		.uleb128 0xd
 1378 00b7 00       		.byte	0
 1379 00b8 03       		.uleb128 0x3
 1380 00b9 08       		.uleb128 0x8
 1381 00ba 3A       		.uleb128 0x3a
 1382 00bb 0B       		.uleb128 0xb
 1383 00bc 3B       		.uleb128 0x3b
 1384 00bd 0B       		.uleb128 0xb
 1385 00be 49       		.uleb128 0x49
 1386 00bf 13       		.uleb128 0x13
 1387 00c0 38       		.uleb128 0x38
 1388 00c1 0B       		.uleb128 0xb
 1389 00c2 00       		.byte	0
 1390 00c3 00       		.byte	0
 1391 00c4 11       		.uleb128 0x11
 1392 00c5 13       		.uleb128 0x13
 1393 00c6 01       		.byte	0x1
 1394 00c7 0B       		.uleb128 0xb
 1395 00c8 0B       		.uleb128 0xb
 1396 00c9 3A       		.uleb128 0x3a
 1397 00ca 0B       		.uleb128 0xb
 1398 00cb 3B       		.uleb128 0x3b
 1399 00cc 0B       		.uleb128 0xb
 1400 00cd 01       		.uleb128 0x1
 1401 00ce 13       		.uleb128 0x13
 1402 00cf 00       		.byte	0
 1403 00d0 00       		.byte	0
 1404 00d1 12       		.uleb128 0x12
 1405 00d2 17       		.uleb128 0x17
 1406 00d3 01       		.byte	0x1
 1407 00d4 0B       		.uleb128 0xb
 1408 00d5 0B       		.uleb128 0xb
 1409 00d6 3A       		.uleb128 0x3a
 1410 00d7 0B       		.uleb128 0xb
 1411 00d8 3B       		.uleb128 0x3b
 1412 00d9 0B       		.uleb128 0xb
 1413 00da 01       		.uleb128 0x1
 1414 00db 13       		.uleb128 0x13
 1415 00dc 00       		.byte	0
 1416 00dd 00       		.byte	0
 1417 00de 13       		.uleb128 0x13
 1418 00df 0D       		.uleb128 0xd
 1419 00e0 00       		.byte	0
 1420 00e1 03       		.uleb128 0x3
ARM GAS  /tmp/ccs3dwxI.s 			page 33


 1421 00e2 0E       		.uleb128 0xe
 1422 00e3 3A       		.uleb128 0x3a
 1423 00e4 0B       		.uleb128 0xb
 1424 00e5 3B       		.uleb128 0x3b
 1425 00e6 05       		.uleb128 0x5
 1426 00e7 49       		.uleb128 0x49
 1427 00e8 13       		.uleb128 0x13
 1428 00e9 00       		.byte	0
 1429 00ea 00       		.byte	0
 1430 00eb 14       		.uleb128 0x14
 1431 00ec 26       		.uleb128 0x26
 1432 00ed 00       		.byte	0
 1433 00ee 49       		.uleb128 0x49
 1434 00ef 13       		.uleb128 0x13
 1435 00f0 00       		.byte	0
 1436 00f1 00       		.byte	0
 1437 00f2 15       		.uleb128 0x15
 1438 00f3 01       		.uleb128 0x1
 1439 00f4 01       		.byte	0x1
 1440 00f5 49       		.uleb128 0x49
 1441 00f6 13       		.uleb128 0x13
 1442 00f7 01       		.uleb128 0x1
 1443 00f8 13       		.uleb128 0x13
 1444 00f9 00       		.byte	0
 1445 00fa 00       		.byte	0
 1446 00fb 16       		.uleb128 0x16
 1447 00fc 21       		.uleb128 0x21
 1448 00fd 00       		.byte	0
 1449 00fe 49       		.uleb128 0x49
 1450 00ff 13       		.uleb128 0x13
 1451 0100 2F       		.uleb128 0x2f
 1452 0101 0B       		.uleb128 0xb
 1453 0102 00       		.byte	0
 1454 0103 00       		.byte	0
 1455 0104 17       		.uleb128 0x17
 1456 0105 2E       		.uleb128 0x2e
 1457 0106 01       		.byte	0x1
 1458 0107 3F       		.uleb128 0x3f
 1459 0108 19       		.uleb128 0x19
 1460 0109 03       		.uleb128 0x3
 1461 010a 0E       		.uleb128 0xe
 1462 010b 3A       		.uleb128 0x3a
 1463 010c 0B       		.uleb128 0xb
 1464 010d 3B       		.uleb128 0x3b
 1465 010e 0B       		.uleb128 0xb
 1466 010f 27       		.uleb128 0x27
 1467 0110 19       		.uleb128 0x19
 1468 0111 11       		.uleb128 0x11
 1469 0112 01       		.uleb128 0x1
 1470 0113 12       		.uleb128 0x12
 1471 0114 06       		.uleb128 0x6
 1472 0115 40       		.uleb128 0x40
 1473 0116 18       		.uleb128 0x18
 1474 0117 9742     		.uleb128 0x2117
 1475 0119 19       		.uleb128 0x19
 1476 011a 01       		.uleb128 0x1
 1477 011b 13       		.uleb128 0x13
ARM GAS  /tmp/ccs3dwxI.s 			page 34


 1478 011c 00       		.byte	0
 1479 011d 00       		.byte	0
 1480 011e 18       		.uleb128 0x18
 1481 011f 898201   		.uleb128 0x4109
 1482 0122 00       		.byte	0
 1483 0123 11       		.uleb128 0x11
 1484 0124 01       		.uleb128 0x1
 1485 0125 9542     		.uleb128 0x2115
 1486 0127 19       		.uleb128 0x19
 1487 0128 31       		.uleb128 0x31
 1488 0129 13       		.uleb128 0x13
 1489 012a 00       		.byte	0
 1490 012b 00       		.byte	0
 1491 012c 19       		.uleb128 0x19
 1492 012d 2E       		.uleb128 0x2e
 1493 012e 00       		.byte	0
 1494 012f 3F       		.uleb128 0x3f
 1495 0130 19       		.uleb128 0x19
 1496 0131 03       		.uleb128 0x3
 1497 0132 0E       		.uleb128 0xe
 1498 0133 3A       		.uleb128 0x3a
 1499 0134 0B       		.uleb128 0xb
 1500 0135 3B       		.uleb128 0x3b
 1501 0136 0B       		.uleb128 0xb
 1502 0137 27       		.uleb128 0x27
 1503 0138 19       		.uleb128 0x19
 1504 0139 11       		.uleb128 0x11
 1505 013a 01       		.uleb128 0x1
 1506 013b 12       		.uleb128 0x12
 1507 013c 06       		.uleb128 0x6
 1508 013d 40       		.uleb128 0x40
 1509 013e 18       		.uleb128 0x18
 1510 013f 9742     		.uleb128 0x2117
 1511 0141 19       		.uleb128 0x19
 1512 0142 00       		.byte	0
 1513 0143 00       		.byte	0
 1514 0144 1A       		.uleb128 0x1a
 1515 0145 34       		.uleb128 0x34
 1516 0146 00       		.byte	0
 1517 0147 03       		.uleb128 0x3
 1518 0148 0E       		.uleb128 0xe
 1519 0149 3A       		.uleb128 0x3a
 1520 014a 0B       		.uleb128 0xb
 1521 014b 3B       		.uleb128 0x3b
 1522 014c 05       		.uleb128 0x5
 1523 014d 49       		.uleb128 0x49
 1524 014e 13       		.uleb128 0x13
 1525 014f 3F       		.uleb128 0x3f
 1526 0150 19       		.uleb128 0x19
 1527 0151 3C       		.uleb128 0x3c
 1528 0152 19       		.uleb128 0x19
 1529 0153 00       		.byte	0
 1530 0154 00       		.byte	0
 1531 0155 1B       		.uleb128 0x1b
 1532 0156 34       		.uleb128 0x34
 1533 0157 00       		.byte	0
 1534 0158 03       		.uleb128 0x3
ARM GAS  /tmp/ccs3dwxI.s 			page 35


 1535 0159 08       		.uleb128 0x8
 1536 015a 3A       		.uleb128 0x3a
 1537 015b 0B       		.uleb128 0xb
 1538 015c 3B       		.uleb128 0x3b
 1539 015d 05       		.uleb128 0x5
 1540 015e 49       		.uleb128 0x49
 1541 015f 13       		.uleb128 0x13
 1542 0160 3F       		.uleb128 0x3f
 1543 0161 19       		.uleb128 0x19
 1544 0162 3C       		.uleb128 0x3c
 1545 0163 19       		.uleb128 0x19
 1546 0164 00       		.byte	0
 1547 0165 00       		.byte	0
 1548 0166 1C       		.uleb128 0x1c
 1549 0167 34       		.uleb128 0x34
 1550 0168 00       		.byte	0
 1551 0169 03       		.uleb128 0x3
 1552 016a 0E       		.uleb128 0xe
 1553 016b 3A       		.uleb128 0x3a
 1554 016c 0B       		.uleb128 0xb
 1555 016d 3B       		.uleb128 0x3b
 1556 016e 0B       		.uleb128 0xb
 1557 016f 49       		.uleb128 0x49
 1558 0170 13       		.uleb128 0x13
 1559 0171 3F       		.uleb128 0x3f
 1560 0172 19       		.uleb128 0x19
 1561 0173 02       		.uleb128 0x2
 1562 0174 18       		.uleb128 0x18
 1563 0175 00       		.byte	0
 1564 0176 00       		.byte	0
 1565 0177 1D       		.uleb128 0x1d
 1566 0178 2E       		.uleb128 0x2e
 1567 0179 00       		.byte	0
 1568 017a 3F       		.uleb128 0x3f
 1569 017b 19       		.uleb128 0x19
 1570 017c 03       		.uleb128 0x3
 1571 017d 0E       		.uleb128 0xe
 1572 017e 3A       		.uleb128 0x3a
 1573 017f 0B       		.uleb128 0xb
 1574 0180 3B       		.uleb128 0x3b
 1575 0181 05       		.uleb128 0x5
 1576 0182 27       		.uleb128 0x27
 1577 0183 19       		.uleb128 0x19
 1578 0184 3C       		.uleb128 0x3c
 1579 0185 19       		.uleb128 0x19
 1580 0186 00       		.byte	0
 1581 0187 00       		.byte	0
 1582 0188 00       		.byte	0
 1583              		.section	.debug_aranges,"",%progbits
 1584 0000 24000000 		.4byte	0x24
 1585 0004 0200     		.2byte	0x2
 1586 0006 00000000 		.4byte	.Ldebug_info0
 1587 000a 04       		.byte	0x4
 1588 000b 00       		.byte	0
 1589 000c 0000     		.2byte	0
 1590 000e 0000     		.2byte	0
 1591 0010 00000000 		.4byte	.LFB260
ARM GAS  /tmp/ccs3dwxI.s 			page 36


 1592 0014 04000000 		.4byte	.LFE260-.LFB260
 1593 0018 00000000 		.4byte	.LFB261
 1594 001c 02000000 		.4byte	.LFE261-.LFB261
 1595 0020 00000000 		.4byte	0
 1596 0024 00000000 		.4byte	0
 1597              		.section	.debug_ranges,"",%progbits
 1598              	.Ldebug_ranges0:
 1599 0000 00000000 		.4byte	.LFB260
 1600 0004 04000000 		.4byte	.LFE260
 1601 0008 00000000 		.4byte	.LFB261
 1602 000c 02000000 		.4byte	.LFE261
 1603 0010 00000000 		.4byte	0
 1604 0014 00000000 		.4byte	0
 1605              		.section	.debug_line,"",%progbits
 1606              	.Ldebug_line0:
 1607 0000 86020000 		.section	.debug_str,"MS",%progbits,1
 1607      02005F02 
 1607      00000201 
 1607      FB0E0D00 
 1607      01010101 
 1608              	.LASF109:
 1609 0000 73746D33 		.ascii	"stm32_gpio_setup_t\000"
 1609      325F6770 
 1609      696F5F73 
 1609      65747570 
 1609      5F7400
 1610              	.LASF51:
 1611 0013 72656164 		.ascii	"ready_list_t\000"
 1611      795F6C69 
 1611      73745F74 
 1611      00
 1612              	.LASF2:
 1613 0020 73697A65 		.ascii	"size_t\000"
 1613      5F7400
 1614              	.LASF86:
 1615 0027 7264796D 		.ascii	"rdymsg\000"
 1615      736700
 1616              	.LASF17:
 1617 002e 75696E74 		.ascii	"uint64_t\000"
 1617      36345F74 
 1617      00
 1618              	.LASF3:
 1619 0037 5F5F7569 		.ascii	"__uint8_t\000"
 1619      6E74385F 
 1619      7400
 1620              	.LASF83:
 1621 0041 706F7274 		.ascii	"port_intctx\000"
 1621      5F696E74 
 1621      63747800 
 1622              	.LASF70:
 1623 004d 73797374 		.ascii	"system_debug_t\000"
 1623      656D5F64 
 1623      65627567 
 1623      5F7400
 1624              	.LASF117:
 1625 005c 50484461 		.ascii	"PHData\000"
 1625      746100
ARM GAS  /tmp/ccs3dwxI.s 			page 37


 1626              	.LASF13:
 1627 0063 6C6F6E67 		.ascii	"long long unsigned int\000"
 1627      206C6F6E 
 1627      6720756E 
 1627      7369676E 
 1627      65642069 
 1628              	.LASF106:
 1629 007a 70757064 		.ascii	"pupdr\000"
 1629      7200
 1630              	.LASF87:
 1631 0080 65786974 		.ascii	"exitcode\000"
 1631      636F6465 
 1631      00
 1632              	.LASF77:
 1633 0089 6D61696E 		.ascii	"mainthread\000"
 1633      74687265 
 1633      616400
 1634              	.LASF67:
 1635 0094 76697274 		.ascii	"virtual_timers_list_t\000"
 1635      75616C5F 
 1635      74696D65 
 1635      72735F6C 
 1635      6973745F 
 1636              	.LASF120:
 1637 00aa 49544D5F 		.ascii	"ITM_RxBuffer\000"
 1637      52784275 
 1637      66666572 
 1637      00
 1638              	.LASF50:
 1639 00b7 63685F74 		.ascii	"ch_threads_queue\000"
 1639      68726561 
 1639      64735F71 
 1639      75657565 
 1639      00
 1640              	.LASF30:
 1641 00c8 705F7072 		.ascii	"p_prio\000"
 1641      696F00
 1642              	.LASF11:
 1643 00cf 6C6F6E67 		.ascii	"long long int\000"
 1643      206C6F6E 
 1643      6720696E 
 1643      7400
 1644              	.LASF1:
 1645 00dd 7369676E 		.ascii	"signed char\000"
 1645      65642063 
 1645      68617200 
 1646              	.LASF44:
 1647 00e9 705F6D70 		.ascii	"p_mpool\000"
 1647      6F6F6C00 
 1648              	.LASF97:
 1649 00f1 6D5F7175 		.ascii	"m_queue\000"
 1649      65756500 
 1650              	.LASF103:
 1651 00f9 6D6F6465 		.ascii	"moder\000"
 1651      7200
 1652              	.LASF89:
 1653 00ff 77747472 		.ascii	"wttrp\000"
ARM GAS  /tmp/ccs3dwxI.s 			page 38


 1653      7000
 1654              	.LASF74:
 1655 0105 63685F73 		.ascii	"ch_system\000"
 1655      79737465 
 1655      6D00
 1656              	.LASF8:
 1657 010f 6C6F6E67 		.ascii	"long int\000"
 1657      20696E74 
 1657      00
 1658              	.LASF114:
 1659 0118 50454461 		.ascii	"PEData\000"
 1659      746100
 1660              	.LASF20:
 1661 011f 74737461 		.ascii	"tstate_t\000"
 1661      74655F74 
 1661      00
 1662              	.LASF123:
 1663 0128 2F757372 		.ascii	"/usr/src/chibios/os/hal/boards/ST_STM32F4_DISCOVERY"
 1663      2F737263 
 1663      2F636869 
 1663      62696F73 
 1663      2F6F732F 
 1664 015b 2F626F61 		.ascii	"/board.c\000"
 1664      72642E63 
 1664      00
 1665              	.LASF32:
 1666 0164 705F6E65 		.ascii	"p_newer\000"
 1666      77657200 
 1667              	.LASF94:
 1668 016c 735F7175 		.ascii	"s_queue\000"
 1668      65756500 
 1669              	.LASF56:
 1670 0174 725F6E65 		.ascii	"r_newer\000"
 1670      77657200 
 1671              	.LASF80:
 1672 017c 72656761 		.ascii	"regarm_t\000"
 1672      726D5F74 
 1672      00
 1673              	.LASF63:
 1674 0185 76745F70 		.ascii	"vt_prev\000"
 1674      72657600 
 1675              	.LASF76:
 1676 018d 76746C69 		.ascii	"vtlist\000"
 1676      737400
 1677              	.LASF126:
 1678 0194 73746D33 		.ascii	"stm32_clock_init\000"
 1678      325F636C 
 1678      6F636B5F 
 1678      696E6974 
 1678      00
 1679              	.LASF101:
 1680 01a5 6D757465 		.ascii	"mutex_t\000"
 1680      785F7400 
 1681              	.LASF111:
 1682 01ad 50424461 		.ascii	"PBData\000"
 1682      746100
 1683              	.LASF78:
ARM GAS  /tmp/ccs3dwxI.s 			page 39


 1684 01b4 69646C65 		.ascii	"idle_thread_wa\000"
 1684      5F746872 
 1684      6561645F 
 1684      776100
 1685              	.LASF25:
 1686 01c3 636E745F 		.ascii	"cnt_t\000"
 1686      7400
 1687              	.LASF0:
 1688 01c9 756E7369 		.ascii	"unsigned int\000"
 1688      676E6564 
 1688      20696E74 
 1688      00
 1689              	.LASF62:
 1690 01d6 76745F6E 		.ascii	"vt_next\000"
 1690      65787400 
 1691              	.LASF90:
 1692 01de 77747365 		.ascii	"wtsemp\000"
 1692      6D7000
 1693              	.LASF39:
 1694 01e5 705F6D73 		.ascii	"p_msgqueue\000"
 1694      67717565 
 1694      756500
 1695              	.LASF105:
 1696 01f0 6F737065 		.ascii	"ospeedr\000"
 1696      65647200 
 1697              	.LASF104:
 1698 01f8 6F747970 		.ascii	"otyper\000"
 1698      657200
 1699              	.LASF124:
 1700 01ff 5F5F6561 		.ascii	"__early_init\000"
 1700      726C795F 
 1700      696E6974 
 1700      00
 1701              	.LASF6:
 1702 020c 73686F72 		.ascii	"short unsigned int\000"
 1702      7420756E 
 1702      7369676E 
 1702      65642069 
 1702      6E7400
 1703              	.LASF115:
 1704 021f 50464461 		.ascii	"PFData\000"
 1704      746100
 1705              	.LASF47:
 1706 0226 63685F74 		.ascii	"ch_thread\000"
 1706      68726561 
 1706      6400
 1707              	.LASF23:
 1708 0230 6D73675F 		.ascii	"msg_t\000"
 1708      7400
 1709              	.LASF73:
 1710 0236 63685F73 		.ascii	"ch_system_t\000"
 1710      79737465 
 1710      6D5F7400 
 1711              	.LASF19:
 1712 0242 746D6F64 		.ascii	"tmode_t\000"
 1712      655F7400 
 1713              	.LASF52:
ARM GAS  /tmp/ccs3dwxI.s 			page 40


 1714 024a 63685F72 		.ascii	"ch_ready_list\000"
 1714      65616479 
 1714      5F6C6973 
 1714      7400
 1715              	.LASF24:
 1716 0258 6576656E 		.ascii	"eventmask_t\000"
 1716      746D6173 
 1716      6B5F7400 
 1717              	.LASF7:
 1718 0264 5F5F696E 		.ascii	"__int32_t\000"
 1718      7433325F 
 1718      7400
 1719              	.LASF116:
 1720 026e 50474461 		.ascii	"PGData\000"
 1720      746100
 1721              	.LASF81:
 1722 0275 73746B61 		.ascii	"stkalign_t\000"
 1722      6C69676E 
 1722      5F7400
 1723              	.LASF122:
 1724 0280 474E5520 		.ascii	"GNU C 4.8.4 20141219 (release) -mcpu=cortex-m4 -mno"
 1724      4320342E 
 1724      382E3420 
 1724      32303134 
 1724      31323139 
 1725 02b3 2D746875 		.ascii	"-thumb-interwork -mthumb -ggdb -O2 -fomit-frame-poi"
 1725      6D622D69 
 1725      6E746572 
 1725      776F726B 
 1725      202D6D74 
 1726 02e6 6E746572 		.ascii	"nter -falign-functions=16 -ffunction-sections -fdat"
 1726      202D6661 
 1726      6C69676E 
 1726      2D66756E 
 1726      6374696F 
 1727 0319 612D7365 		.ascii	"a-sections -fno-common -flto\000"
 1727      6374696F 
 1727      6E73202D 
 1727      666E6F2D 
 1727      636F6D6D 
 1728              	.LASF38:
 1729 0336 705F7761 		.ascii	"p_waiting\000"
 1729      6974696E 
 1729      6700
 1730              	.LASF79:
 1731 0340 73697A65 		.ascii	"sizetype\000"
 1731      74797065 
 1731      00
 1732              	.LASF45:
 1733 0349 74687265 		.ascii	"thread_reference_t\000"
 1733      61645F72 
 1733      65666572 
 1733      656E6365 
 1733      5F7400
 1734              	.LASF68:
 1735 035c 63685F76 		.ascii	"ch_virtual_timers_list\000"
 1735      69727475 
ARM GAS  /tmp/ccs3dwxI.s 			page 41


 1735      616C5F74 
 1735      696D6572 
 1735      735F6C69 
 1736              	.LASF69:
 1737 0373 76745F6C 		.ascii	"vt_lasttime\000"
 1737      61737474 
 1737      696D6500 
 1738              	.LASF33:
 1739 037f 705F6F6C 		.ascii	"p_older\000"
 1739      64657200 
 1740              	.LASF55:
 1741 0387 725F6374 		.ascii	"r_ctx\000"
 1741      7800
 1742              	.LASF85:
 1743 038d 746D5F63 		.ascii	"tm_calibration_t\000"
 1743      616C6962 
 1743      72617469 
 1743      6F6E5F74 
 1743      00
 1744              	.LASF108:
 1745 039e 61667268 		.ascii	"afrh\000"
 1745      00
 1746              	.LASF113:
 1747 03a3 50444461 		.ascii	"PDData\000"
 1747      746100
 1748              	.LASF58:
 1749 03aa 725F6375 		.ascii	"r_current\000"
 1749      7272656E 
 1749      7400
 1750              	.LASF57:
 1751 03b4 725F6F6C 		.ascii	"r_older\000"
 1751      64657200 
 1752              	.LASF12:
 1753 03bc 5F5F7569 		.ascii	"__uint64_t\000"
 1753      6E743634 
 1753      5F7400
 1754              	.LASF21:
 1755 03c7 74726566 		.ascii	"trefs_t\000"
 1755      735F7400 
 1756              	.LASF60:
 1757 03cf 76697274 		.ascii	"virtual_timer_t\000"
 1757      75616C5F 
 1757      74696D65 
 1757      725F7400 
 1758              	.LASF29:
 1759 03df 705F7072 		.ascii	"p_prev\000"
 1759      657600
 1760              	.LASF22:
 1761 03e6 74707269 		.ascii	"tprio_t\000"
 1761      6F5F7400 
 1762              	.LASF71:
 1763 03ee 63685F73 		.ascii	"ch_system_debug\000"
 1763      79737465 
 1763      6D5F6465 
 1763      62756700 
 1764              	.LASF102:
 1765 03fe 5F426F6F 		.ascii	"_Bool\000"
ARM GAS  /tmp/ccs3dwxI.s 			page 42


 1765      6C00
 1766              	.LASF15:
 1767 0404 696E7433 		.ascii	"int32_t\000"
 1767      325F7400 
 1768              	.LASF4:
 1769 040c 756E7369 		.ascii	"unsigned char\000"
 1769      676E6564 
 1769      20636861 
 1769      7200
 1770              	.LASF107:
 1771 041a 6166726C 		.ascii	"afrl\000"
 1771      00
 1772              	.LASF95:
 1773 041f 735F636E 		.ascii	"s_cnt\000"
 1773      7400
 1774              	.LASF42:
 1775 0425 705F6D74 		.ascii	"p_mtxlist\000"
 1775      786C6973 
 1775      7400
 1776              	.LASF5:
 1777 042f 73686F72 		.ascii	"short int\000"
 1777      7420696E 
 1777      7400
 1778              	.LASF35:
 1779 0439 705F7374 		.ascii	"p_state\000"
 1779      61746500 
 1780              	.LASF125:
 1781 0441 626F6172 		.ascii	"boardInit\000"
 1781      64496E69 
 1781      7400
 1782              	.LASF54:
 1783 044b 725F7072 		.ascii	"r_prio\000"
 1783      696F00
 1784              	.LASF110:
 1785 0452 50414461 		.ascii	"PAData\000"
 1785      746100
 1786              	.LASF92:
 1787 0459 65776D61 		.ascii	"ewmask\000"
 1787      736B00
 1788              	.LASF28:
 1789 0460 705F6E65 		.ascii	"p_next\000"
 1789      787400
 1790              	.LASF36:
 1791 0467 705F666C 		.ascii	"p_flags\000"
 1791      61677300 
 1792              	.LASF118:
 1793 046f 50494461 		.ascii	"PIData\000"
 1793      746100
 1794              	.LASF61:
 1795 0476 63685F76 		.ascii	"ch_virtual_timer\000"
 1795      69727475 
 1795      616C5F74 
 1795      696D6572 
 1795      00
 1796              	.LASF93:
 1797 0487 63685F73 		.ascii	"ch_semaphore\000"
 1797      656D6170 
ARM GAS  /tmp/ccs3dwxI.s 			page 43


 1797      686F7265 
 1797      00
 1798              	.LASF41:
 1799 0494 705F6570 		.ascii	"p_epending\000"
 1799      656E6469 
 1799      6E6700
 1800              	.LASF16:
 1801 049f 75696E74 		.ascii	"uint32_t\000"
 1801      33325F74 
 1801      00
 1802              	.LASF91:
 1803 04a8 77746D74 		.ascii	"wtmtxp\000"
 1803      787000
 1804              	.LASF53:
 1805 04af 725F7175 		.ascii	"r_queue\000"
 1805      65756500 
 1806              	.LASF64:
 1807 04b7 76745F64 		.ascii	"vt_delta\000"
 1807      656C7461 
 1807      00
 1808              	.LASF48:
 1809 04c0 63685F74 		.ascii	"ch_threads_list\000"
 1809      68726561 
 1809      64735F6C 
 1809      69737400 
 1810              	.LASF10:
 1811 04d0 6C6F6E67 		.ascii	"long unsigned int\000"
 1811      20756E73 
 1811      69676E65 
 1811      6420696E 
 1811      7400
 1812              	.LASF100:
 1813 04e2 63686172 		.ascii	"char\000"
 1813      00
 1814              	.LASF27:
 1815 04e7 74687265 		.ascii	"thread_t\000"
 1815      61645F74 
 1815      00
 1816              	.LASF99:
 1817 04f0 6D5F6E65 		.ascii	"m_next\000"
 1817      787400
 1818              	.LASF26:
 1819 04f7 73797374 		.ascii	"systime_t\000"
 1819      696D655F 
 1819      7400
 1820              	.LASF43:
 1821 0501 705F7265 		.ascii	"p_realprio\000"
 1821      616C7072 
 1821      696F00
 1822              	.LASF59:
 1823 050c 76746675 		.ascii	"vtfunc_t\000"
 1823      6E635F74 
 1823      00
 1824              	.LASF9:
 1825 0515 5F5F7569 		.ascii	"__uint32_t\000"
 1825      6E743332 
 1825      5F7400
ARM GAS  /tmp/ccs3dwxI.s 			page 44


 1826              	.LASF72:
 1827 0520 70616E69 		.ascii	"panic_msg\000"
 1827      635F6D73 
 1827      6700
 1828              	.LASF84:
 1829 052a 6F666673 		.ascii	"offset\000"
 1829      657400
 1830              	.LASF82:
 1831 0531 636F6E74 		.ascii	"context\000"
 1831      65787400 
 1832              	.LASF18:
 1833 0539 7274636E 		.ascii	"rtcnt_t\000"
 1833      745F7400 
 1834              	.LASF66:
 1835 0541 76745F70 		.ascii	"vt_par\000"
 1835      617200
 1836              	.LASF49:
 1837 0548 74687265 		.ascii	"threads_queue_t\000"
 1837      6164735F 
 1837      71756575 
 1837      655F7400 
 1838              	.LASF96:
 1839 0558 63685F6D 		.ascii	"ch_mutex\000"
 1839      75746578 
 1839      00
 1840              	.LASF37:
 1841 0561 705F7265 		.ascii	"p_refs\000"
 1841      667300
 1842              	.LASF75:
 1843 0568 726C6973 		.ascii	"rlist\000"
 1843      7400
 1844              	.LASF14:
 1845 056e 75696E74 		.ascii	"uint8_t\000"
 1845      385F7400 
 1846              	.LASF88:
 1847 0576 77746F62 		.ascii	"wtobjp\000"
 1847      6A7000
 1848              	.LASF34:
 1849 057d 705F6E61 		.ascii	"p_name\000"
 1849      6D6500
 1850              	.LASF112:
 1851 0584 50434461 		.ascii	"PCData\000"
 1851      746100
 1852              	.LASF46:
 1853 058b 74687265 		.ascii	"threads_list_t\000"
 1853      6164735F 
 1853      6C697374 
 1853      5F7400
 1854              	.LASF40:
 1855 059a 705F6D73 		.ascii	"p_msg\000"
 1855      6700
 1856              	.LASF119:
 1857 05a0 50414C43 		.ascii	"PALConfig\000"
 1857      6F6E6669 
 1857      6700
 1858              	.LASF98:
 1859 05aa 6D5F6F77 		.ascii	"m_owner\000"
ARM GAS  /tmp/ccs3dwxI.s 			page 45


 1859      6E657200 
 1860              	.LASF121:
 1861 05b2 70616C5F 		.ascii	"pal_default_config\000"
 1861      64656661 
 1861      756C745F 
 1861      636F6E66 
 1861      696700
 1862              	.LASF31:
 1863 05c5 705F6374 		.ascii	"p_ctx\000"
 1863      7800
 1864              	.LASF65:
 1865 05cb 76745F66 		.ascii	"vt_func\000"
 1865      756E6300 
 1866              		.comm	__gnu_lto_v1,1,1
 1867              		.ident	"GCC: (4.8.4-1+11-1) 4.8.4 20141219 (release)"
ARM GAS  /tmp/ccs3dwxI.s 			page 46


DEFINED SYMBOLS
                            *ABS*:00000000 board.c
     /tmp/ccs3dwxI.s:149    .text.__early_init:00000000 $t
     /tmp/ccs3dwxI.s:155    .text.__early_init:00000000 __early_init
     /tmp/ccs3dwxI.s:170    .text.boardInit:00000000 $t
     /tmp/ccs3dwxI.s:176    .text.boardInit:00000000 boardInit
     /tmp/ccs3dwxI.s:192    .rodata.pal_default_config:00000000 pal_default_config
     /tmp/ccs3dwxI.s:189    .rodata.pal_default_config:00000000 $d
                            *COM*:00000001 __gnu_lto_v1
                     .debug_frame:00000010 $d

UNDEFINED SYMBOLS
stm32_clock_init
